This is LuaHBTeX, Version 1.22.0 (TeX Live 2026/dev/Arch Linux)  (format=lualatex 2025.3.23)  9 MAY 2025 23:41
 restricted system commands enabled.
**"Arcana Mechanica - Magischer Kompass.tex"
("./Arcana Mechanica - Magischer Kompass.tex"
LaTeX2e <2024-11-01> patch level 2
L3 programming layer <2025-01-18>
Lua module: luaotfload 2024-12-03 v3.29 Lua based OpenType font support
Lua module: lualibs 2023-07-13 v2.76 ConTeXt Lua standard libraries.
Lua module: lualibs-extended 2023-07-13 v2.76 ConTeXt Lua libraries -- extended 
collection.
luaotfload | conf : Root cache directory is "/home/heresy/.texlive/texmf-var/lua
tex-cache/generic/names".
luaotfload | init : Loading fontloader "fontloader-2023-12-28.lua" from kpse-res
olved path "/usr/share/texmf-dist/tex/luatex/luaotfload/fontloader-2023-12-28.lu
a".
Lua-only attribute luaotfload@noligature = 1
luaotfload | init : Context OpenType loader version 3.134
Inserting `luaotfload.node_processor' in `pre_linebreak_filter'.
Inserting `luaotfload.node_processor' in `hpack_filter'.
Inserting `luaotfload.glyph_stream' in `glyph_stream_provider'.
Inserting `luaotfload.define_font' in `define_font'.
Lua-only attribute luaotfload_color_attribute = 2
luaotfload | conf : Root cache directory is "/home/heresy/.texlive/texmf-var/lua
tex-cache/generic/names".
Inserting `luaotfload.harf.strip_prefix' in `find_opentype_file'.
Inserting `luaotfload.harf.strip_prefix' in `find_truetype_file'.
Removing  `luaotfload.glyph_stream' from `glyph_stream_provider'.
Inserting `luaotfload.harf.glyphstream' in `glyph_stream_provider'.
Inserting `luaotfload.harf.finalize_vlist' in `post_linebreak_filter'.
Inserting `luaotfload.harf.finalize_hlist' in `hpack_filter'.
Inserting `luaotfload.cleanup_files' in `wrapup_run'.
Inserting `luaotfload.harf.finalize_unicode' in `finish_pdffile'.
Inserting `luaotfload.glyphinfo' in `glyph_info'.
Lua-only attribute luaotfload.letterspace_done = 3
Inserting `luaotfload.aux.set_sscale_dimens' in `luaotfload.patch_font'.
Inserting `luaotfload.aux.set_font_index' in `luaotfload.patch_font'.
Inserting `luaotfload.aux.patch_cambria_domh' in `luaotfload.patch_font'.
Inserting `luaotfload.aux.fixup_fontdata' in `luaotfload.patch_font_unsafe'.
Inserting `luaotfload.aux.set_capheight' in `luaotfload.patch_font'.
Inserting `luaotfload.aux.set_xheight' in `luaotfload.patch_font'.
Inserting `luaotfload.rewrite_fontname' in `luaotfload.patch_font'.
Inserting `tracingstacklevels' in `input_level_string'. (/usr/share/texmf-dist/
tex/latex/base/book.cls
Document Class: book 2024/06/29 v1.4n Standard LaTeX document class
(/usr/share/texmf-dist/tex/latex/base/bk10.clo
File: bk10.clo 2024/06/29 v1.4n Standard LaTeX file (size option)
luaotfload | db : Font names database loaded from /home/heresy/.texlive/texmf-va
r/luatex-cache/generic/names/luaotfload-names.luc.gz)
\c@part=\count194
\c@chapter=\count195
\c@section=\count196
\c@subsection=\count197
\c@subsubsection=\count198
\c@paragraph=\count199
\c@subparagraph=\count266
\c@figure=\count267
\c@table=\count268
\abovecaptionskip=\skip49
\belowcaptionskip=\skip50
\bibindent=\dimen140
) (./lib/rpg-book.sty
Package: lib/rpg-book 

(/usr/share/texmf-dist/tex/latex/xcolor/xcolor.sty
Package: xcolor 2024/09/29 v3.02 LaTeX color extensions (UK)

(/usr/share/texmf-dist/tex/latex/graphics-cfg/color.cfg
File: color.cfg 2016/01/02 v1.6 sample color configuration
)
Package xcolor Info: Driver file: luatex.def on input line 274.

(/usr/share/texmf-dist/tex/latex/graphics-def/luatex.def
File: luatex.def 2024/04/13 v1.2e Graphics/color driver for luatex
)
(/usr/share/texmf-dist/tex/latex/graphics/mathcolor.ltx)
Package xcolor Info: Model `cmy' substituted by `cmy0' on input line 1349.
Package xcolor Info: Model `hsb' substituted by `rgb' on input line 1353.
Package xcolor Info: Model `RGB' extended on input line 1365.
Package xcolor Info: Model `HTML' substituted by `rgb' on input line 1367.
Package xcolor Info: Model `Hsb' substituted by `hsb' on input line 1368.
Package xcolor Info: Model `tHsb' substituted by `hsb' on input line 1369.
Package xcolor Info: Model `HSB' substituted by `hsb' on input line 1370.
Package xcolor Info: Model `Gray' substituted by `gray' on input line 1371.
Package xcolor Info: Model `wave' substituted by `hsb' on input line 1372.
)
(/usr/share/texmf-dist/tex/latex/colortbl/colortbl.sty
Package: colortbl 2024/07/06 v1.0i Color table columns (DPC)

(/usr/share/texmf-dist/tex/latex/tools/array.sty
Package: array 2024/10/17 v2.6g Tabular extension package (FMi)
\col@sep=\dimen141
\ar@mcellbox=\box52
\extrarowheight=\dimen142
\NC@list=\toks17
\extratabsurround=\skip51
\backup@length=\skip52
\ar@cellbox=\box53
)
\everycr=\toks18
\minrowclearance=\skip53
\rownum=\count269
)
(/usr/share/texmf-dist/tex/latex/preprint/fullpage.sty
Package: fullpage 1999/02/23 1.1 (PWD)
\FP@margin=\skip54
)
(/usr/share/texmf-dist/tex/latex/tools/calc.sty
Package: calc 2023/07/08 v4.3 Infix arithmetic (KKT,FJ)
\calc@Acount=\count270
\calc@Bcount=\count271
\calc@Adimen=\dimen143
\calc@Bdimen=\dimen144
\calc@Askip=\skip55
\calc@Bskip=\skip56
LaTeX Info: Redefining \setlength on input line 80.
LaTeX Info: Redefining \addtolength on input line 81.
\calc@Ccount=\count272
\calc@Cskip=\skip57
)
(/usr/share/texmf-dist/tex/latex/enumitem/enumitem.sty
Package: enumitem 2025/02/06 v3.11 Customized lists
\enitkv@toks@=\toks19
\labelindent=\skip58
\enit@outerparindent=\dimen145
\enit@toks=\toks20
\enit@inbox=\box54
\enit@count@id=\count273
\enitdp@description=\count274
)
(/usr/share/texmf-dist/tex/generic/iftex/ifluatex.sty
Package: ifluatex 2019/10/25 v1.5 ifluatex legacy package. Use iftex instead.

(/usr/share/texmf-dist/tex/generic/iftex/iftex.sty
Package: iftex 2024/12/12 v1.0g TeX engine tests
))
(/usr/share/texmf-dist/tex/latex/keycommand/keycommand.sty
Package: keycommand 2010/04/27 v3.1415 - key-value interface for commands and e
nvironments in LaTeX

(/usr/share/texmf-dist/tex/latex/etex-pkg/etex.sty
Package: etex 2016/08/01 v2.7 eTeX basic definition package (PEB,DPC)


Package etex Warning: Extended allocation already in use.
(etex)                etex.sty code will not be used.
(etex)                To force etex package to load, add
(etex)                \RequirePackage{etex}
(etex)                at the start of the document.

) (/usr/share/texmf-dist/tex/latex/kvsetkeys/kvsetkeys.sty
Package: kvsetkeys 2022-10-05 v1.19 Key value parser (HO)
)
(/usr/share/texmf-dist/tex/latex/xkeyval/xkeyval.sty
Package: xkeyval 2022/06/16 v2.9 package option processing (HA)

(/usr/share/texmf-dist/tex/generic/xkeyval/xkeyval.tex
(/usr/share/texmf-dist/tex/generic/xkeyval/xkvutils.tex
\XKV@toks=\toks21
\XKV@tempa@toks=\toks22

(/usr/share/texmf-dist/tex/generic/xkeyval/keyval.tex))
\XKV@depth=\count275
File: xkeyval.tex 2014/12/03 v2.7a key=value parser (HA)
))
(/usr/share/texmf-dist/tex/latex/etoolbox/etoolbox.sty
Package: etoolbox 2025/02/11 v2.5l e-TeX tools for LaTeX (JAW)
\etb@tempcnta=\count276
))
(/usr/share/texmf-dist/tex/latex/tools/tabularx.sty
Package: tabularx 2023/12/11 v2.12a `tabularx' package (DPC)
\TX@col@width=\dimen146
\TX@old@table=\dimen147
\TX@old@col=\dimen148
\TX@target=\dimen149
\TX@delta=\dimen150
\TX@cols=\count277
\TX@ftn=\toks23
)
(/usr/share/texmf-dist/tex/latex/tcolorbox/tcolorbox.sty
Package: tcolorbox 2024/10/22 version 6.4.1 text color boxes

(/usr/share/texmf-dist/tex/latex/pgf/frontendlayer/tikz.sty
(/usr/share/texmf-dist/tex/latex/pgf/basiclayer/pgf.sty
(/usr/share/texmf-dist/tex/latex/pgf/utilities/pgfrcs.sty
(/usr/share/texmf-dist/tex/generic/pgf/utilities/pgfutil-common.tex
\pgfutil@everybye=\toks24
\pgfutil@tempdima=\dimen151
\pgfutil@tempdimb=\dimen152
)
(/usr/share/texmf-dist/tex/generic/pgf/utilities/pgfutil-latex.def
\pgfutil@abb=\box55
)
(/usr/share/texmf-dist/tex/generic/pgf/utilities/pgfrcs.code.tex
(/usr/share/texmf-dist/tex/generic/pgf/pgf.revision.tex)
Package: pgfrcs 2023-01-15 v3.1.10 (3.1.10)
))
Package: pgf 2023-01-15 v3.1.10 (3.1.10)

(/usr/share/texmf-dist/tex/latex/pgf/basiclayer/pgfcore.sty
(/usr/share/texmf-dist/tex/latex/graphics/graphicx.sty
Package: graphicx 2021/09/16 v1.2d Enhanced LaTeX Graphics (DPC,SPQR)

(/usr/share/texmf-dist/tex/latex/graphics/graphics.sty
Package: graphics 2024/08/06 v1.4g Standard LaTeX Graphics (DPC,SPQR)

(/usr/share/texmf-dist/tex/latex/graphics/trig.sty
Package: trig 2023/12/02 v1.11 sin cos tan (DPC)
)
(/usr/share/texmf-dist/tex/latex/graphics-cfg/graphics.cfg
File: graphics.cfg 2016/06/04 v1.11 sample graphics configuration
)
Package graphics Info: Driver file: luatex.def on input line 106.
)
\Gin@req@height=\dimen153
\Gin@req@width=\dimen154
)
(/usr/share/texmf-dist/tex/latex/pgf/systemlayer/pgfsys.sty
(/usr/share/texmf-dist/tex/generic/pgf/systemlayer/pgfsys.code.tex
Package: pgfsys 2023-01-15 v3.1.10 (3.1.10)

(/usr/share/texmf-dist/tex/generic/pgf/utilities/pgfkeys.code.tex
\pgfkeys@pathtoks=\toks25
\pgfkeys@temptoks=\toks26

(/usr/share/texmf-dist/tex/generic/pgf/utilities/pgfkeyslibraryfiltered.code.te
x
\pgfkeys@tmptoks=\toks27
))
\pgf@x=\dimen155
\pgf@y=\dimen156
\pgf@xa=\dimen157
\pgf@ya=\dimen158
\pgf@xb=\dimen159
\pgf@yb=\dimen160
\pgf@xc=\dimen161
\pgf@yc=\dimen162
\pgf@xd=\dimen163
\pgf@yd=\dimen164
\w@pgf@writea=\write3
\r@pgf@reada=\read2
\c@pgf@counta=\count278
\c@pgf@countb=\count279
\c@pgf@countc=\count280
\c@pgf@countd=\count281
\t@pgf@toka=\toks28
\t@pgf@tokb=\toks29
\t@pgf@tokc=\toks30
\pgf@sys@id@count=\count282
 (/usr/share/texmf-dist/tex/generic/pgf/systemlayer/pgf.cfg
File: pgf.cfg 2023-01-15 v3.1.10 (3.1.10)
)
Driver file for pgf: pgfsys-luatex.def

(/usr/share/texmf-dist/tex/generic/pgf/systemlayer/pgfsys-luatex.def
File: pgfsys-luatex.def 2023-01-15 v3.1.10 (3.1.10)

(/usr/share/texmf-dist/tex/generic/pgf/systemlayer/pgfsys-common-pdf.def
File: pgfsys-common-pdf.def 2023-01-15 v3.1.10 (3.1.10)
)))
(/usr/share/texmf-dist/tex/generic/pgf/systemlayer/pgfsyssoftpath.code.tex
File: pgfsyssoftpath.code.tex 2023-01-15 v3.1.10 (3.1.10)
\pgfsyssoftpath@smallbuffer@items=\count283
\pgfsyssoftpath@bigbuffer@items=\count284
)
(/usr/share/texmf-dist/tex/generic/pgf/systemlayer/pgfsysprotocol.code.tex
File: pgfsysprotocol.code.tex 2023-01-15 v3.1.10 (3.1.10)
))
(/usr/share/texmf-dist/tex/generic/pgf/basiclayer/pgfcore.code.tex
Package: pgfcore 2023-01-15 v3.1.10 (3.1.10)

(/usr/share/texmf-dist/tex/generic/pgf/math/pgfmath.code.tex
(/usr/share/texmf-dist/tex/generic/pgf/math/pgfmathutil.code.tex)
(/usr/share/texmf-dist/tex/generic/pgf/math/pgfmathparser.code.tex
\pgfmath@dimen=\dimen165
\pgfmath@count=\count285
\pgfmath@box=\box56
\pgfmath@toks=\toks31
\pgfmath@stack@operand=\toks32
\pgfmath@stack@operation=\toks33
)
(/usr/share/texmf-dist/tex/generic/pgf/math/pgfmathfunctions.code.tex)
(/usr/share/texmf-dist/tex/generic/pgf/math/pgfmathfunctions.basic.code.tex)
(/usr/share/texmf-dist/tex/generic/pgf/math/pgfmathfunctions.trigonometric.code
.tex)
(/usr/share/texmf-dist/tex/generic/pgf/math/pgfmathfunctions.random.code.tex)
(/usr/share/texmf-dist/tex/generic/pgf/math/pgfmathfunctions.comparison.code.te
x) (/usr/share/texmf-dist/tex/generic/pgf/math/pgfmathfunctions.base.code.tex)
(/usr/share/texmf-dist/tex/generic/pgf/math/pgfmathfunctions.round.code.tex)
(/usr/share/texmf-dist/tex/generic/pgf/math/pgfmathfunctions.misc.code.tex)
(/usr/share/texmf-dist/tex/generic/pgf/math/pgfmathfunctions.integerarithmetics
.code.tex) (/usr/share/texmf-dist/tex/generic/pgf/math/pgfmathcalc.code.tex)
(/usr/share/texmf-dist/tex/generic/pgf/math/pgfmathfloat.code.tex
\c@pgfmathroundto@lastzeros=\count286
))
(/usr/share/texmf-dist/tex/generic/pgf/math/pgfint.code.tex)
(/usr/share/texmf-dist/tex/generic/pgf/basiclayer/pgfcorepoints.code.tex
File: pgfcorepoints.code.tex 2023-01-15 v3.1.10 (3.1.10)
\pgf@picminx=\dimen166
\pgf@picmaxx=\dimen167
\pgf@picminy=\dimen168
\pgf@picmaxy=\dimen169
\pgf@pathminx=\dimen170
\pgf@pathmaxx=\dimen171
\pgf@pathminy=\dimen172
\pgf@pathmaxy=\dimen173
\pgf@xx=\dimen174
\pgf@xy=\dimen175
\pgf@yx=\dimen176
\pgf@yy=\dimen177
\pgf@zx=\dimen178
\pgf@zy=\dimen179
)
(/usr/share/texmf-dist/tex/generic/pgf/basiclayer/pgfcorepathconstruct.code.tex
File: pgfcorepathconstruct.code.tex 2023-01-15 v3.1.10 (3.1.10)
\pgf@path@lastx=\dimen180
\pgf@path@lasty=\dimen181
) (/usr/share/texmf-dist/tex/generic/pgf/basiclayer/pgfcorepathusage.code.tex
File: pgfcorepathusage.code.tex 2023-01-15 v3.1.10 (3.1.10)
\pgf@shorten@end@additional=\dimen182
\pgf@shorten@start@additional=\dimen183
)
(/usr/share/texmf-dist/tex/generic/pgf/basiclayer/pgfcorescopes.code.tex
File: pgfcorescopes.code.tex 2023-01-15 v3.1.10 (3.1.10)
\pgfpic=\box57
\pgf@hbox=\box58
\pgf@layerbox@main=\box59
\pgf@picture@serial@count=\count287
)
(/usr/share/texmf-dist/tex/generic/pgf/basiclayer/pgfcoregraphicstate.code.tex
File: pgfcoregraphicstate.code.tex 2023-01-15 v3.1.10 (3.1.10)
\pgflinewidth=\dimen184
)
(/usr/share/texmf-dist/tex/generic/pgf/basiclayer/pgfcoretransformations.code.t
ex
File: pgfcoretransformations.code.tex 2023-01-15 v3.1.10 (3.1.10)
\pgf@pt@x=\dimen185
\pgf@pt@y=\dimen186
\pgf@pt@temp=\dimen187
) (/usr/share/texmf-dist/tex/generic/pgf/basiclayer/pgfcorequick.code.tex
File: pgfcorequick.code.tex 2023-01-15 v3.1.10 (3.1.10)
)
(/usr/share/texmf-dist/tex/generic/pgf/basiclayer/pgfcoreobjects.code.tex
File: pgfcoreobjects.code.tex 2023-01-15 v3.1.10 (3.1.10)
)
(/usr/share/texmf-dist/tex/generic/pgf/basiclayer/pgfcorepathprocessing.code.te
x
File: pgfcorepathprocessing.code.tex 2023-01-15 v3.1.10 (3.1.10)
) (/usr/share/texmf-dist/tex/generic/pgf/basiclayer/pgfcorearrows.code.tex
File: pgfcorearrows.code.tex 2023-01-15 v3.1.10 (3.1.10)
\pgfarrowsep=\dimen188
)
(/usr/share/texmf-dist/tex/generic/pgf/basiclayer/pgfcoreshade.code.tex
File: pgfcoreshade.code.tex 2023-01-15 v3.1.10 (3.1.10)
\pgf@max=\dimen189
\pgf@sys@shading@range@num=\count288
\pgf@shadingcount=\count289
)
(/usr/share/texmf-dist/tex/generic/pgf/basiclayer/pgfcoreimage.code.tex
File: pgfcoreimage.code.tex 2023-01-15 v3.1.10 (3.1.10)
)
(/usr/share/texmf-dist/tex/generic/pgf/basiclayer/pgfcoreexternal.code.tex
File: pgfcoreexternal.code.tex 2023-01-15 v3.1.10 (3.1.10)
\pgfexternal@startupbox=\box60
)
(/usr/share/texmf-dist/tex/generic/pgf/basiclayer/pgfcorelayers.code.tex
File: pgfcorelayers.code.tex 2023-01-15 v3.1.10 (3.1.10)
)
(/usr/share/texmf-dist/tex/generic/pgf/basiclayer/pgfcoretransparency.code.tex
File: pgfcoretransparency.code.tex 2023-01-15 v3.1.10 (3.1.10)
) (/usr/share/texmf-dist/tex/generic/pgf/basiclayer/pgfcorepatterns.code.tex
File: pgfcorepatterns.code.tex 2023-01-15 v3.1.10 (3.1.10)
)
(/usr/share/texmf-dist/tex/generic/pgf/basiclayer/pgfcorerdf.code.tex
File: pgfcorerdf.code.tex 2023-01-15 v3.1.10 (3.1.10)
)))
(/usr/share/texmf-dist/tex/generic/pgf/modules/pgfmoduleshapes.code.tex
File: pgfmoduleshapes.code.tex 2023-01-15 v3.1.10 (3.1.10)
\pgfnodeparttextbox=\box61
)
(/usr/share/texmf-dist/tex/generic/pgf/modules/pgfmoduleplot.code.tex
File: pgfmoduleplot.code.tex 2023-01-15 v3.1.10 (3.1.10)
)
(/usr/share/texmf-dist/tex/latex/pgf/compatibility/pgfcomp-version-0-65.sty
Package: pgfcomp-version-0-65 2023-01-15 v3.1.10 (3.1.10)
\pgf@nodesepstart=\dimen190
\pgf@nodesepend=\dimen191
)
(/usr/share/texmf-dist/tex/latex/pgf/compatibility/pgfcomp-version-1-18.sty
Package: pgfcomp-version-1-18 2023-01-15 v3.1.10 (3.1.10)
))
(/usr/share/texmf-dist/tex/latex/pgf/utilities/pgffor.sty
(/usr/share/texmf-dist/tex/latex/pgf/utilities/pgfkeys.sty
(/usr/share/texmf-dist/tex/generic/pgf/utilities/pgfkeys.code.tex))
(/usr/share/texmf-dist/tex/latex/pgf/math/pgfmath.sty
(/usr/share/texmf-dist/tex/generic/pgf/math/pgfmath.code.tex))
(/usr/share/texmf-dist/tex/generic/pgf/utilities/pgffor.code.tex
Package: pgffor 2023-01-15 v3.1.10 (3.1.10)
\pgffor@iter=\dimen192
\pgffor@skip=\dimen193
\pgffor@stack=\toks34
\pgffor@toks=\toks35
))
(/usr/share/texmf-dist/tex/generic/pgf/frontendlayer/tikz/tikz.code.tex
Package: tikz 2023-01-15 v3.1.10 (3.1.10)

(/usr/share/texmf-dist/tex/generic/pgf/libraries/pgflibraryplothandlers.code.te
x
File: pgflibraryplothandlers.code.tex 2023-01-15 v3.1.10 (3.1.10)
\pgf@plot@mark@count=\count290
\pgfplotmarksize=\dimen194
)
\tikz@lastx=\dimen195
\tikz@lasty=\dimen196
\tikz@lastxsaved=\dimen197
\tikz@lastysaved=\dimen198
\tikz@lastmovetox=\dimen199
\tikz@lastmovetoy=\dimen256
\tikzleveldistance=\dimen257
\tikzsiblingdistance=\dimen258
\tikz@figbox=\box62
\tikz@figbox@bg=\box63
\tikz@tempbox=\box64
\tikz@tempbox@bg=\box65
\tikztreelevel=\count291
\tikznumberofchildren=\count292
\tikznumberofcurrentchild=\count293
\tikz@fig@count=\count294
 (/usr/share/texmf-dist/tex/generic/pgf/modules/pgfmodulematrix.code.tex
File: pgfmodulematrix.code.tex 2023-01-15 v3.1.10 (3.1.10)
\pgfmatrixcurrentrow=\count295
\pgfmatrixcurrentcolumn=\count296
\pgf@matrix@numberofcolumns=\count297
)
\tikz@expandcount=\count298

(/usr/share/texmf-dist/tex/generic/pgf/frontendlayer/tikz/libraries/tikzlibrary
topaths.code.tex
File: tikzlibrarytopaths.code.tex 2023-01-15 v3.1.10 (3.1.10)
))) (/usr/share/texmf-dist/tex/latex/tools/verbatim.sty
Package: verbatim 2024-01-22 v1.5x LaTeX2e package for verbatim enhancements
\every@verbatim=\toks36
\verbatim@line=\toks37
\verbatim@in@stream=\read3
)
(/usr/share/texmf-dist/tex/latex/environ/environ.sty
Package: environ 2014/05/04 v0.3 A new way to define environments

(/usr/share/texmf-dist/tex/latex/trimspaces/trimspaces.sty
Package: trimspaces 2009/09/17 v1.1 Trim spaces around a token list
)
\@envbody=\toks38
)
\tcb@titlebox=\box66
\tcb@upperbox=\box67
\tcb@lowerbox=\box68
\tcb@phantombox=\box69
\c@tcbbreakpart=\count299
\c@tcblayer=\count300
\c@tcolorbox@number=\count301
\l__tcobox_tmpa_box=\box70
\l__tcobox_tmpa_dim=\dimen259
\tcb@temp=\box71
\tcb@temp=\box72
\tcb@temp=\box73
\tcb@temp=\box74

(/usr/share/texmf-dist/tex/latex/tcolorbox/tcbraster.code.tex
Library (tcolorbox): 'tcbraster.code.tex' version '6.4.1'
\c@tcbrastercolumn=\count302
\c@tcbrasterrow=\count303
\c@tcbrasternum=\count304
\c@tcbraster=\count305
) (/usr/share/texmf-dist/tex/latex/tcolorbox/tcbskins.code.tex
Library (tcolorbox): 'tcbskins.code.tex' version '6.4.1'
(/usr/share/texmf-dist/tex/latex/tikzfill/tikzfill.image.sty
Package: tikzfill.image 2023/08/08 v1.0.1 Image filling library for TikZ

(/usr/share/texmf-dist/tex/latex/tikzfill/tikzfill-common.sty
Package: tikzfill-common 2023/08/08 v1.0.1 Auxiliary code for tikzfill
)
(/usr/share/texmf-dist/tex/latex/tikzfill/tikzlibraryfill.image.code.tex
File: tikzlibraryfill.image.code.tex 2023/08/08 v1.0.1 Image filling library
\l__tikzfill_img_box=\box75
))
(/usr/share/texmf-dist/tex/latex/tcolorbox/tcbskinsjigsaw.code.tex
Library (tcolorbox): 'tcbskinsjigsaw.code.tex' version '6.4.1'
)) (/usr/share/texmf-dist/tex/latex/tcolorbox/tcbbreakable.code.tex
Library (tcolorbox): 'tcbbreakable.code.tex' version '6.4.1'
(/usr/share/texmf-dist/tex/latex/pdfcol/pdfcol.sty
Package: pdfcol 2022-09-21 v1.7 Handle new color stacks for pdfTeX (HO)

(/usr/share/texmf-dist/tex/generic/ltxcmds/ltxcmds.sty
Package: ltxcmds 2023-12-04 v1.26 LaTeX kernel commands for general use (HO)
)
(/usr/share/texmf-dist/tex/generic/infwarerr/infwarerr.sty
Package: infwarerr 2019/12/03 v1.5 Providing info/warning/error messages (HO)
))
Package pdfcol Info: New color stack `tcb@breakable' = 1 on input line 23.
\tcb@testbox=\box76
\tcb@totalupperbox=\box77
\tcb@totallowerbox=\box78
)
(/usr/share/texmf-dist/tex/latex/tcolorbox/tcbhooks.code.tex
Library (tcolorbox): 'tcbhooks.code.tex' version '6.4.1'
) (/usr/share/texmf-dist/tex/latex/tcolorbox/tcbtheorems.code.tex
Library (tcolorbox): 'tcbtheorems.code.tex' version '6.4.1'
(/usr/share/texmf-dist/tex/latex/amsmath/amsmath.sty
Package: amsmath 2024/11/05 v2.17t AMS math features
\@mathmargin=\skip59

For additional information on amsmath, use the `?' option.
(/usr/share/texmf-dist/tex/latex/amsmath/amstext.sty
Package: amstext 2021/08/26 v2.01 AMS text

(/usr/share/texmf-dist/tex/latex/amsmath/amsgen.sty
File: amsgen.sty 1999/11/30 v2.0 generic functions
\@emptytoks=\toks39
\ex@=\dimen260
))
(/usr/share/texmf-dist/tex/latex/amsmath/amsbsy.sty
Package: amsbsy 1999/11/29 v1.2d Bold Symbols
\pmbraise@=\dimen261
)
(/usr/share/texmf-dist/tex/latex/amsmath/amsopn.sty
Package: amsopn 2022/04/08 v2.04 operator names
)
\inf@bad=\count306
LaTeX Info: Redefining \frac on input line 235.
\uproot@=\count307
\leftroot@=\count308
LaTeX Info: Redefining \overline on input line 398.
LaTeX Info: Redefining \colon on input line 409.
\classnum@=\count309
\DOTSCASE@=\count310
LaTeX Info: Redefining \ldots on input line 495.
LaTeX Info: Redefining \dots on input line 498.
LaTeX Info: Redefining \cdots on input line 619.
\Mathstrutbox@=\box79
\strutbox@=\box80
LaTeX Info: Redefining \big on input line 721.
LaTeX Info: Redefining \Big on input line 722.
LaTeX Info: Redefining \bigg on input line 723.
LaTeX Info: Redefining \Bigg on input line 724.
\big@size=\dimen262
LaTeX Font Info:    Redeclaring font encoding OML on input line 742.
LaTeX Font Info:    Redeclaring font encoding OMS on input line 743.
\macc@depth=\count311
LaTeX Info: Redefining \bmod on input line 904.
LaTeX Info: Redefining \pmod on input line 909.
LaTeX Info: Redefining \smash on input line 939.
LaTeX Info: Redefining \relbar on input line 969.
LaTeX Info: Redefining \Relbar on input line 970.
\c@MaxMatrixCols=\count312
\dotsspace@=\muskip17
\c@parentequation=\count313
\dspbrk@lvl=\count314
\tag@help=\toks40
\row@=\count315
\column@=\count316
\maxfields@=\count317
\andhelp@=\toks41
\eqnshift@=\dimen263
\alignsep@=\dimen264
\tagshift@=\dimen265
\tagwidth@=\dimen266
\totwidth@=\dimen267
\lineht@=\dimen268
\@envbody=\toks42
\multlinegap=\skip60
\multlinetaggap=\skip61
\mathdisplay@stack=\toks43
LaTeX Info: Redefining \[ on input line 2953.
LaTeX Info: Redefining \] on input line 2954.
))
(/usr/share/texmf-dist/tex/latex/tcolorbox/tcbfitting.code.tex
Library (tcolorbox): 'tcbfitting.code.tex' version '6.4.1'
\tcbfitdim=\dimen269
\tcb@lowerfitdim=\dimen270
\tcb@upperfitdim=\dimen271
\tcb@cur@hbadness=\count318
) (/usr/share/texmf-dist/tex/latex/tcolorbox/tcblistingsutf8.code.tex
Library (tcolorbox): 'tcblistingsutf8.code.tex' version '6.4.1'
(/usr/share/texmf-dist/tex/latex/tcolorbox/tcblistings.code.tex
Library (tcolorbox): 'tcblistings.code.tex' version '6.4.1'
(/usr/share/texmf-dist/tex/latex/listings/listings.sty
\lst@mode=\count319
\lst@gtempboxa=\box81
\lst@token=\toks44
\lst@length=\count320
\lst@currlwidth=\dimen272
\lst@column=\count321
\lst@pos=\count322
\lst@lostspace=\dimen273
\lst@width=\dimen274
\lst@newlines=\count323
\lst@lineno=\count324
\lst@maxwidth=\dimen275

(/usr/share/texmf-dist/tex/latex/listings/lstpatch.sty
File: lstpatch.sty 2024/09/23 1.10c (Carsten Heinz)
)
(/usr/share/texmf-dist/tex/latex/listings/lstmisc.sty
File: lstmisc.sty 2024/09/23 1.10c (Carsten Heinz)
\c@lstnumber=\count325
\lst@skipnumbers=\count326
\lst@framebox=\box82
)
(/usr/share/texmf-dist/tex/latex/listings/listings.cfg
File: listings.cfg 2024/09/23 1.10c listings configuration
))
Package: listings 2024/09/23 1.10c (Carsten Heinz)

(/usr/share/texmf-dist/tex/latex/tcolorbox/tcblistingscore.code.tex
Library (tcolorbox): 'tcblistingscore.code.tex' version '6.4.1'
(/usr/share/texmf-dist/tex/latex/tcolorbox/tcbprocessing.code.tex
Library (tcolorbox): 'tcbprocessing.code.tex' version '6.4.1'
)
\c@tcblisting=\count327
))
Package tcolorbox Info: Library `listingsutf8' is compatible with pdftex only. 
Library `listings` is loaded instead. on input line 29.
) (/usr/share/texmf-dist/tex/latex/tcolorbox/tcbexternal.code.tex
Library (tcolorbox): 'tcbexternal.code.tex' version '6.4.1'
) (/usr/share/texmf-dist/tex/latex/tcolorbox/tcbmagazine.code.tex
Library (tcolorbox): 'tcbmagazine.code.tex' version '6.4.1'
) (/usr/share/texmf-dist/tex/latex/tcolorbox/tcbvignette.code.tex
Library (tcolorbox): 'tcbvignette.code.tex' version '6.4.1'

(/usr/share/texmf-dist/tex/generic/pgf/frontendlayer/tikz/libraries/tikzlibrary
fadings.code.tex
File: tikzlibraryfadings.code.tex 2023-01-15 v3.1.10 (3.1.10)

(/usr/share/texmf-dist/tex/generic/pgf/libraries/pgflibraryfadings.code.tex
File: pgflibraryfadings.code.tex 2023-01-15 v3.1.10 (3.1.10)
)))
(/usr/share/texmf-dist/tex/latex/tcolorbox/tcbposter.code.tex
Library (tcolorbox): 'tcbposter.code.tex' version '6.4.1'
)) (/usr/share/texmf-dist/tex/latex/l3packages/xparse/xparse.sty
(/usr/share/texmf-dist/tex/latex/l3kernel/expl3.sty
Package: expl3 2025-01-18 L3 programming layer (loader) 

(/usr/share/texmf-dist/tex/latex/l3backend/l3backend-luatex.def
File: l3backend-luatex.def 2024-05-08 L3 backend support: PDF output (LuaTeX)
\l__color_backend_stack_int=\count328
Inserting `l3color' in `luaotfload.parse_color'.
\l__pdf_internal_box=\box83
))
Package: xparse 2024-08-16 L3 Experimental document command parser
)
(/usr/share/texmf-dist/tex/latex/hyperref/hyperref.sty
Package: hyperref 2024-11-05 v7.01l Hypertext links for LaTeX

(/usr/share/texmf-dist/tex/generic/kvdefinekeys/kvdefinekeys.sty
Package: kvdefinekeys 2019-12-19 v1.6 Define keys (HO)
)
(/usr/share/texmf-dist/tex/generic/pdfescape/pdfescape.sty
Package: pdfescape 2019/12/09 v1.15 Implements pdfTeX's escape features (HO)

(/usr/share/texmf-dist/tex/generic/pdftexcmds/pdftexcmds.sty
Package: pdftexcmds 2020-06-27 v0.33 Utility functions of pdfTeX for LuaTeX (HO
)
Package pdftexcmds Info: \pdf@primitive is available.
Package pdftexcmds Info: \pdf@ifprimitive is available.
Package pdftexcmds Info: \pdfdraftmode found.
\pdftexcmds@toks=\toks45
))
(/usr/share/texmf-dist/tex/latex/hycolor/hycolor.sty
Package: hycolor 2020-01-27 v1.10 Color options for hyperref/bookmark (HO)
)
(/usr/share/texmf-dist/tex/latex/hyperref/nameref.sty
Package: nameref 2023-11-26 v2.56 Cross-referencing by name of section

(/usr/share/texmf-dist/tex/latex/refcount/refcount.sty
Package: refcount 2019/12/15 v3.6 Data extraction from label references (HO)
)
(/usr/share/texmf-dist/tex/generic/gettitlestring/gettitlestring.sty
Package: gettitlestring 2019/12/15 v1.6 Cleanup title references (HO)

(/usr/share/texmf-dist/tex/latex/kvoptions/kvoptions.sty
Package: kvoptions 2022-06-15 v3.15 Key value format for package options (HO)
))
\c@section@level=\count329
)
(/usr/share/texmf-dist/tex/generic/stringenc/stringenc.sty
Package: stringenc 2019/11/29 v1.12 Convert strings between diff. encodings (HO
)
)
\@linkdim=\dimen276
\Hy@linkcounter=\count330
\Hy@pagecounter=\count331

(/usr/share/texmf-dist/tex/latex/hyperref/pd1enc.def
File: pd1enc.def 2024-11-05 v7.01l Hyperref: PDFDocEncoding definition (HO)
)
(/usr/share/texmf-dist/tex/generic/intcalc/intcalc.sty
Package: intcalc 2019/12/15 v1.3 Expandable calculations with integers (HO)
)
\Hy@SavedSpaceFactor=\count332

(/usr/share/texmf-dist/tex/latex/hyperref/puenc.def
File: puenc.def 2024-11-05 v7.01l Hyperref: PDF Unicode definition (HO)
)
Package hyperref Info: Hyper figures OFF on input line 4157.
Package hyperref Info: Link nesting OFF on input line 4162.
Package hyperref Info: Hyper index ON on input line 4165.
Package hyperref Info: Plain pages OFF on input line 4172.
Package hyperref Info: Backreferencing OFF on input line 4177.
Package hyperref Info: Implicit mode ON; LaTeX internals redefined.
Package hyperref Info: Bookmarks ON on input line 4424.
\c@Hy@tempcnt=\count333

(/usr/share/texmf-dist/tex/latex/url/url.sty
\Urlmuskip=\muskip18
Package: url 2013/09/16  ver 3.4  Verb mode for urls, etc.
)
LaTeX Info: Redefining \url on input line 4763.
\XeTeXLinkMargin=\dimen277

(/usr/share/texmf-dist/tex/generic/bitset/bitset.sty
Package: bitset 2019/12/09 v1.3 Handle bit-vector datatype (HO)

(/usr/share/texmf-dist/tex/generic/bigintcalc/bigintcalc.sty
Package: bigintcalc 2019/12/15 v1.5 Expandable calculations on big integers (HO
)
))
\Fld@menulength=\count334
\Field@Width=\dimen278
\Fld@charsize=\dimen279
Package hyperref Info: Hyper figures OFF on input line 6042.
Package hyperref Info: Link nesting OFF on input line 6047.
Package hyperref Info: Hyper index ON on input line 6050.
Package hyperref Info: backreferencing OFF on input line 6057.
Package hyperref Info: Link coloring OFF on input line 6062.
Package hyperref Info: Link coloring with OCG OFF on input line 6067.
Package hyperref Info: PDF/A mode OFF on input line 6072.

(/usr/share/texmf-dist/tex/latex/base/atbegshi-ltx.sty
Package: atbegshi-ltx 2021/01/10 v1.0c Emulation of the original atbegshi
package with kernel methods
)
\Hy@abspage=\count335
\c@Item=\count336
\c@Hfootnote=\count337
)
Package hyperref Info: Driver (autodetected): hluatex.

(/usr/share/texmf-dist/tex/latex/hyperref/hluatex.def
File: hluatex.def 2024-11-05 v7.01l Hyperref driver for luaTeX

(/usr/share/texmf-dist/tex/latex/base/atveryend-ltx.sty
Package: atveryend-ltx 2020/08/19 v1.0a Emulation of the original atveryend pac
kage
with kernel methods
)
\Fld@listcount=\count338
\c@bookmark@seq@number=\count339

(/usr/share/texmf-dist/tex/latex/rerunfilecheck/rerunfilecheck.sty
Package: rerunfilecheck 2022-07-10 v1.10 Rerun checks for auxiliary files (HO)

(/usr/share/texmf-dist/tex/generic/uniquecounter/uniquecounter.sty
Package: uniquecounter 2019/12/15 v1.4 Provide unlimited unique counter (HO)
)
Package uniquecounter Info: New unique counter `rerunfilecheck' on input line 2
85.
)
\Hy@SectionHShift=\skip62
)
(/usr/share/texmf-dist/tex/latex/tools/multicol.sty
Package: multicol 2024/09/14 v1.9i multicolumn formatting (FMi)
\c@tracingmulticols=\count340


Package multicol Warning: May not work with the twocolumn option on input line 
140.

\mult@box=\box84
\multicol@leftmargin=\dimen280
\c@unbalance=\count341
\c@collectmore=\count342
\doublecol@number=\count343
\multicoltolerance=\count344
\multicolpretolerance=\count345
\full@width=\dimen281
\page@free=\dimen282
\premulticols=\dimen283
\postmulticols=\dimen284
\multicolsep=\skip63
\multicolbaselineskip=\skip64
\partial@page=\box85
\last@line=\box86
\mc@boxedresult=\box87
\maxbalancingoverflow=\dimen285
\mult@rightbox=\box88
\mult@grightbox=\box89
\mult@firstbox=\box90
\mult@gfirstbox=\box91
\@tempa=\box92
\@tempa=\box93
\@tempa=\box94
\@tempa=\box95
\@tempa=\box96
\@tempa=\box97
\@tempa=\box98
\@tempa=\box99
\@tempa=\box100
\@tempa=\box101
\@tempa=\box102
\@tempa=\box103
\@tempa=\box104
\@tempa=\box105
\@tempa=\box106
\@tempa=\box107
\@tempa=\box108
\@tempa=\box109
\@tempa=\box110
\@tempa=\box111
\@tempa=\box112
\@tempa=\box113
\@tempa=\box114
\@tempa=\box115
\@tempa=\box116
\@tempa=\box117
\@tempa=\box118
\@tempa=\box119
\@tempa=\box120
\@tempa=\box121
\@tempa=\box122
\@tempa=\box123
\@tempa=\box124
\@tempa=\box125
\@tempa=\box126
\@tempa=\box127
\c@minrows=\count346
\c@columnbadness=\count347
\c@finalcolumnbadness=\count348
\last@try=\dimen286
\multicolovershoot=\dimen287
\multicolundershoot=\dimen288
\mult@nat@firstbox=\box128
\colbreak@box=\box129
\mc@col@check@num=\count349
)

Package rpg Warning: bg-full is deprecated and will be removed in version 0.7. 
Use bg=full instead. on input line 105.

(./lib/book/rpg-advantage.sty) (./lib/book/rpg-disadvantage.sty)
(./lib/book/rpg-art.sty
(/usr/share/texmf-dist/tex/latex/dblfloatfix/dblfloatfix.sty
Package: dblfloatfix 2012/12/31 v1.0a (JAW)

(/usr/share/texmf-dist/tex/latex/base/fixltx2e.sty
Package: fixltx2e 2016/12/29 v2.1a fixes to LaTeX (obsolete)
Applying: [2015/01/01] Old fixltx2e package on input line 46.


Package fixltx2e Warning: fixltx2e is not required with releases after 2015
(fixltx2e)                All fixes are now in the LaTeX kernel.
(fixltx2e)                See the latexrelease package for details.

Already applied: [0000/00/00] Old fixltx2e package on input line 53.
)
\@dblbotnum=\count350
\c@dblbotnumber=\count351
) (/usr/share/texmf-dist/tex/latex/changepage/changepage.sty
Package: changepage 2009/10/20 v1.0c check page and change page layout
\c@cp@cntr=\count352
\cp@tempcnt=\count353
)
\rpghmargin=\skip65
)
(./lib/book/rpg-box.sty
\c@example=\count354
) (./lib/book/rpg-colors.sty) (./lib/book/rpg-fonts.sty
(/usr/share/texmf-dist/tex/latex/psnfss/bookman.sty
Package: bookman 2020/03/25 PSNFSS-v9.3 (SPQR) 
)
(/usr/share/texmf-dist/tex/latex/base/fontenc.sty
Package: fontenc 2021/04/29 v2.0v Standard LaTeX package
LaTeX Font Info:    Trying to load font information for T1+pbk on input line 11
6.

(/usr/share/texmf-dist/tex/latex/psnfss/t1pbk.fd
File: t1pbk.fd 2001/06/04 font definitions for T1/pbk.
)
LaTeX Font Info:    Font shape `T1/pbk/m/n' in size <10> not available
(Font)              Font shape `T1/pbk/l/n' tried instead on input line 116.
)
(/usr/share/texmf-dist/tex/latex/fontspec/fontspec.sty
Package: fontspec 2024/05/11 v2.9e Font selection for XeLaTeX and LuaLaTeX
Lua module: fontspec 2024/05/11 v2.9e Font selection for XeLaTeX and LuaLaTeX
(/usr/share/texmf-dist/tex/latex/fontspec/fontspec-luatex.sty
Package: fontspec-luatex 2024/05/11 v2.9e Font selection for XeLaTeX and LuaLaT
eX
\l__fontspec_script_int=\count355
\l__fontspec_language_int=\count356
\l__fontspec_strnum_int=\count357
\l__fontspec_tmp_int=\count358
\l__fontspec_tmpa_int=\count359
\l__fontspec_tmpb_int=\count360
\l__fontspec_tmpc_int=\count361
\l__fontspec_em_int=\count362
\l__fontspec_emdef_int=\count363
\l__fontspec_strong_int=\count364
\l__fontspec_strongdef_int=\count365
\l__fontspec_tmpa_dim=\dimen289
\l__fontspec_tmpb_dim=\dimen290
\l__fontspec_tmpc_dim=\dimen291

(/usr/share/texmf-dist/tex/latex/base/fontenc.sty
Package: fontenc 2021/04/29 v2.0v Standard LaTeX package
)
(/usr/share/texmf-dist/tex/latex/fontspec/fontspec.cfg)))

Package fontspec Info: 
(fontspec)             Font family 'Controwell-Italic(0)' created for font
(fontspec)             'Controwell-Italic' with options [Path =
(fontspec)             lib/book/fonts/,Extension = .otf].
(fontspec)              
(fontspec)              This font family consists of the following NFSS
(fontspec)             series/shapes:
(fontspec)              
(fontspec)             - 'normal' (m/n) with NFSS spec.:
(fontspec)             <->"[lib/book/fonts/Controwell-Italic.otf]:mode=node;scr
ipt=latn;language=dflt;"


Package fontspec Info: 
(fontspec)             Font family 'Steamwreck(0)' created for font
(fontspec)             'Steamwreck' with options [Path =
(fontspec)             lib/book/fonts/,Extension = .otf].
(fontspec)              
(fontspec)              This font family consists of the following NFSS
(fontspec)             series/shapes:
(fontspec)              
(fontspec)             - 'normal' (m/n) with NFSS spec.:
(fontspec)             <->"[lib/book/fonts/Steamwreck.otf]:mode=node;script=lat
n;language=dflt;"


Package fontspec Info: 
(fontspec)             Font family 'NodestoCapsCondensed(0)' created for font
(fontspec)             'NodestoCapsCondensed' with options [Path =
(fontspec)             lib/book/fonts/,Extension = .otf,UprightFont =
(fontspec)             *,BoldFont = *Bold,ItalicFont = *Italic,BoldItalicFont
(fontspec)             = *BoldItalic].
(fontspec)              
(fontspec)              This font family consists of the following NFSS
(fontspec)             series/shapes:
(fontspec)              
(fontspec)             - 'normal' (m/n) with NFSS spec.:
(fontspec)             <->"[lib/book/fonts/NodestoCapsCondensed.otf]:mode=node;
language=dflt;"
(fontspec)             - 'bold' (b/n) with NFSS spec.:
(fontspec)             <->"[lib/book/fonts/NodestoCapsCondensedBold.otf]:mode=n
ode;language=dflt;"
(fontspec)             - 'italic' (m/it) with NFSS spec.:
(fontspec)             <->"[lib/book/fonts/NodestoCapsCondensedItalic.otf]:mode
=node;language=dflt;"
(fontspec)             - 'bold italic' (b/it) with NFSS spec.:
(fontspec)             <->"[lib/book/fonts/NodestoCapsCondensedBoldItalic.otf]:
mode=node;language=dflt;"

)
(./lib/book/rpg-header.sty
(/usr/share/texmf-dist/tex/latex/fancyhdr/fancyhdr.sty
Package: fancyhdr 2025/02/07 v5.2 Extensive control of page headers and footers

\f@nch@headwidth=\skip66
\f@nch@offset@elh=\skip67
\f@nch@offset@erh=\skip68
\f@nch@offset@olh=\skip69
\f@nch@offset@orh=\skip70
\f@nch@offset@elf=\skip71
\f@nch@offset@erf=\skip72
\f@nch@offset@olf=\skip73
\f@nch@offset@orf=\skip74
\f@nch@height=\skip75
\f@nch@footalignment=\skip76
\f@nch@widthL=\skip77
\f@nch@widthC=\skip78
\f@nch@widthR=\skip79
\@temptokenb=\toks46
)
\nobgfooterheight=\skip80
)
(./lib/book/rpg-list.sty) (./lib/book/rpg-monster.sty
(/usr/share/texmf-dist/tex/latex/fp/fp.sty
Package: fp 1995/04/02

`Fixed Point Package', Version 0.8, April 2, 1995 (C) Michael Mehlich
(/usr/share/texmf-dist/tex/latex/fp/defpattern.sty
Package: defpattern 1994/10/12
\actioncount=\count366
)
(/usr/share/texmf-dist/tex/latex/fp/fp-basic.sty
Package: fp-basic 1996/05/13
\FP@xs=\count367
\FP@xia=\count368
\FP@xib=\count369
\FP@xfa=\count370
\FP@xfb=\count371
\FP@rega=\count372
\FP@regb=\count373
\FP@regs=\count374
\FP@times=\count375
)
(/usr/share/texmf-dist/tex/latex/fp/fp-addons.sty
Package: fp-addons 1995/03/15
)
(/usr/share/texmf-dist/tex/latex/fp/fp-snap.sty
Package: fp-snap 1995/04/05
)
(/usr/share/texmf-dist/tex/latex/fp/fp-exp.sty
Package: fp-exp 1995/04/03
)
(/usr/share/texmf-dist/tex/latex/fp/fp-trigo.sty
Package: fp-trigo 1995/04/14
)
(/usr/share/texmf-dist/tex/latex/fp/fp-pas.sty
Package: fp-pas 1994/08/29
)
(/usr/share/texmf-dist/tex/latex/fp/fp-random.sty
Package: fp-random 1995/02/23
\FPseed=\count376
)
(/usr/share/texmf-dist/tex/latex/fp/fp-eqn.sty
Package: fp-eqn 1995/04/03
)
(/usr/share/texmf-dist/tex/latex/fp/fp-upn.sty
Package: fp-upn 1996/10/21
)
(/usr/share/texmf-dist/tex/latex/fp/fp-eval.sty
Package: fp-eval 1995/04/03
))
(/usr/share/texmf-dist/tex/generic/xstring/xstring.sty
(/usr/share/texmf-dist/tex/generic/xstring/xstring.tex
\xs_counta=\count377
\xs_countb=\count378
)
Package: xstring 2023/08/22 v1.86 String manipulations (CT)
)
\enitdp@rpg@monsterattrs=\count379
)
(./lib/book/rpg-sections.sty
(/usr/share/texmf-dist/tex/latex/tocloft/tocloft.sty
Package: tocloft 2017/08/31 v2.3i parameterised ToC, etc., typesetting
Package tocloft Info: The document has chapter divisions on input line 51.
\cftparskip=\skip81
\cftbeforetoctitleskip=\skip82
\cftaftertoctitleskip=\skip83
\cftbeforepartskip=\skip84
\cftpartnumwidth=\skip85
\cftpartindent=\skip86
\cftbeforechapskip=\skip87
\cftchapindent=\skip88
\cftchapnumwidth=\skip89
\cftbeforesecskip=\skip90
\cftsecindent=\skip91
\cftsecnumwidth=\skip92
\cftbeforesubsecskip=\skip93
\cftsubsecindent=\skip94
\cftsubsecnumwidth=\skip95
\cftbeforesubsubsecskip=\skip96
\cftsubsubsecindent=\skip97
\cftsubsubsecnumwidth=\skip98
\cftbeforeparaskip=\skip99
\cftparaindent=\skip100
\cftparanumwidth=\skip101
\cftbeforesubparaskip=\skip102
\cftsubparaindent=\skip103
\cftsubparanumwidth=\skip104
\cftbeforeloftitleskip=\skip105
\cftafterloftitleskip=\skip106
\cftbeforefigskip=\skip107
\cftfigindent=\skip108
\cftfignumwidth=\skip109
\c@lofdepth=\count380
\c@lotdepth=\count381
\cftbeforelottitleskip=\skip110
\cftafterlottitleskip=\skip111
\cftbeforetabskip=\skip112
\cfttabindent=\skip113
\cfttabnumwidth=\skip114
)
(/usr/share/texmf-dist/tex/latex/titlesec/titlesec.sty
Package: titlesec 2025/01/04 v2.17 Sectioning titles
\ttl@box=\box130
\beforetitleunit=\skip115
\aftertitleunit=\skip116
\ttl@plus=\dimen292
\ttl@minus=\dimen293
\ttl@toksa=\toks47
\titlewidth=\dimen294
\titlewidthlast=\dimen295
\titlewidthfirst=\dimen296
)
(/usr/share/texmf-dist/tex/latex/amsfonts/amssymb.sty
Package: amssymb 2013/01/14 v3.01 AMS font symbols

(/usr/share/texmf-dist/tex/latex/amsfonts/amsfonts.sty
Package: amsfonts 2013/01/14 v3.01 Basic AMSFonts support
\symAMSa=\mathgroup4
\symAMSb=\mathgroup5
LaTeX Font Info:    Redeclaring math symbol \hbar on input line 98.
LaTeX Font Info:    Overwriting math alphabet `\mathfrak' in version `bold'
(Font)                  U/euf/m/n --> U/euf/b/n on input line 106.
))
(/usr/share/texmf-dist/tex/latex/everypage/everypage.sty
Package: everypage 2020/10/17 R2.0b Hooks to run on every page


Package everypage Warning: Functionality similar to this package has recently
(everypage)                been implemented in LaTeX. This package is now in
(everypage)                legacy status.
(everypage)                Please, don't use it in new documents and packages.


Package everypage Warning: You appear to be running a version of LaTeX
(everypage)                providing the new functionality.
(everypage)                Doing the best to deliver the original `everypage`
(everypage)                interface on top of it. Strict equivalence is
(everypage)                not possible, breakage may occur.
(everypage)                If truly needed, Use `everypage-1x` to force the
(everypage)                loading of an older code base.

) (/usr/share/texmf-dist/tex/latex/multitoc/multitoc.sty
Package: multitoc 2024/06/13 v2.02 MultiToc Package

(/usr/share/texmf-dist/tex/latex/base/ifthen.sty
Package: ifthen 2024/03/16 v1.1e Standard LaTeX ifthen package (DPC)
))
\c@ttlp@side=\count382
\ttlp@side=\count383
) (./lib/book/rpg-spell.sty)
(./lib/book/rpg-strings.sty) (./lib/book/rpg-skill.sty)
(./lib/book/rpg-table.sty
(/usr/share/texmf-dist/tex/latex/supertabular/supertabular.sty
Package: supertabular 2024/07/20 v4.2c the supertabular environment
\c@tracingst=\count384
\ST@wd=\dimen297
\ST@rightskip=\skip117
\ST@leftskip=\skip118
\ST@parfillskip=\skip119
\ST@pageleft=\dimen298
\ST@headht=\dimen299
\ST@tailht=\dimen300
\ST@pagesofar=\dimen301
\ST@pboxht=\dimen302
\ST@rowht=\dimen303
\ST@prevht=\dimen304
\ST@toadd=\dimen305
\ST@dimen=\dimen306
\ST@pbox=\box131
))
(./lib/book/rpg-work.sty) (./lib/book/rpg-equipment.sty))
(/usr/share/texmf-dist/tex/latex/lipsum/lipsum.sty
(/usr/share/texmf-dist/tex/latex/l3packages/l3keys2e/l3keys2e.sty
Package: l3keys2e 2024-08-16 LaTeX2e option processing using LaTeX3 keys
)
Package: lipsum 2021-09-20 v2.7 150 paragraphs of Lorem Ipsum dummy text
\g__lipsum_par_int=\count385
\l__lipsum_a_int=\count386
\l__lipsum_b_int=\count387

(/usr/share/texmf-dist/tex/latex/lipsum/lipsum.ltd.tex))
(/usr/share/texmf-dist/tex/latex/glossaries/base/glossaries.sty
Package: glossaries 2025/03/03 v4.56 (NLCT)

(/usr/share/texmf-dist/tex/latex/mfirstuc/mfirstuc.sty
Package: mfirstuc 2022/10/14 v2.08 (NLCT)
\@glsmfirst=\toks48
\@glsmrest=\toks49
)
(/usr/share/texmf-dist/tex/latex/xfor/xfor.sty
Package: xfor 2009/02/05 v1.05 (NLCT)
)
(/usr/share/texmf-dist/tex/latex/datatool/datatool-base.sty
Package: datatool-base 2025/03/05 v3.0.1 (NLCT)

(/usr/share/texmf-dist/tex/latex/tracklang/tracklang.sty
Package: tracklang 2025/03/04 v1.6.5 (NLCT) Track Languages

(/usr/share/texmf-dist/tex/generic/tracklang/tracklang.tex))
(/usr/share/texmf-dist/tex/latex/datatool/datatool-lua.def
File: datatool-lua.def 2025/03/05 v3.0.1 (NLCT)
)
\@dtl@toks=\toks50
\@dtl@tmpcount=\count388
\dtl@tmplength=\skip120
\l__datatool_measure_box=\box132
\dtl@sortresult=\count389

(/usr/share/texmf-dist/tex/latex/datatool/datatool-utf8.ldf
File: datatool-utf8.ldf 2025/03/05 v3.0.1 (NLCT)
)
\@dtl@datatype=\count390
\l__datatool_tmpa_int=\count391
\l__datatool_tmpb_int=\count392
\l__datatool_tmpc_int=\count393
\l__datatool_tmpd_int=\count394
\l__datatool_count_int=\count395
\l__datatool_tmp_datatype_int=\count396
\l__datatool_tmpa_dim=\dimen307
\l__datatool_tmpb_dim=\dimen308
\c_datatool_unknown_int=\count397
\l__datatool_year_int=\count398
\l__datatool_month_int=\count399
\l__datatool_day_int=\count400
\l__datatool_hour_int=\count401
\l__datatool_minute_int=\count402
\l__datatool_second_int=\count403
\l__datatool_tzhour_int=\count404
\l__datatool_tzminute_int=\count405
\l__datatool_julian_int=\count406
\l__datatool_local_julian_int=\count407
\l__datatool_prefix_int=\count408
\l__datatool_suffix_int=\count409
\@dtl@foreach@level=\count410
\dtl@codeA=\count411
\dtl@codeB=\count412
)
\gls@level=\count413
\@gls@tmpb=\toks51
\gls@tmplen=\skip121
\glskeylisttok=\toks52
\glslabeltok=\toks53
\glsshorttok=\toks54
\glslongtok=\toks55

(/usr/share/texmf-dist/tex/latex/glossaries/styles/glossary-hypernav.sty
Package: glossary-hypernav 2025/03/03 v4.56 (NLCT)
)
(/usr/share/texmf-dist/tex/latex/glossaries/styles/glossary-list.sty
Package: glossary-list 2025/03/03 v4.56 (NLCT)
\glslistdottedwidth=\skip122
)
(/usr/share/texmf-dist/tex/latex/glossaries/styles/glossary-long.sty
Package: glossary-long 2025/03/03 v4.56 (NLCT)

(/usr/share/texmf-dist/tex/latex/tools/longtable.sty
Package: longtable 2024-10-27 v4.22 Multi-page Table package (DPC)
\LTleft=\skip123
\LTright=\skip124
\LTpre=\skip125
\LTpost=\skip126
\LTchunksize=\count414
\LTcapwidth=\dimen309
\LT@head=\box133
\LT@firsthead=\box134
\LT@foot=\box135
\LT@lastfoot=\box136
\LT@gbox=\box137
\LT@cols=\count415
\LT@rows=\count416
\c@LT@tables=\count417
\c@LT@chunks=\count418
\LT@p@ftn=\toks56
)
\glsdescwidth=\skip127
\glspagelistwidth=\skip128
)
(/usr/share/texmf-dist/tex/latex/glossaries/styles/glossary-super.sty
Package: glossary-super 2025/03/03 v4.56 (NLCT)
)
(/usr/share/texmf-dist/tex/latex/glossaries/styles/glossary-tree.sty
Package: glossary-tree 2025/03/03 v4.56 (NLCT)
\glstreeindent=\skip129
))
(/usr/share/texmf-dist/tex/latex/appendix/appendix.sty
Package: appendix 2020/02/08 v1.2c extra appendix facilities
\c@@pps=\count419
\c@@ppsavesec=\count420
\c@@ppsaveapp=\count421
)
(/usr/share/texmf-dist/tex/latex/booktabs/booktabs.sty
Package: booktabs 2020/01/12 v1.61803398 Publication quality tables
\heavyrulewidth=\dimen310
\lightrulewidth=\dimen311
\cmidrulewidth=\dimen312
\belowrulesep=\dimen313
\belowbottomsep=\dimen314
\aboverulesep=\dimen315
\abovetopsep=\dimen316
\cmidrulesep=\dimen317
\cmidrulekern=\dimen318
\defaultaddspace=\dimen319
\@cmidla=\count422
\@cmidlb=\count423
\@aboverulesep=\dimen320
\@belowrulesep=\dimen321
\@thisruleclass=\count424
\@lastruleclass=\count425
\@thisrulewidth=\dimen322
)
(/usr/share/texmf-dist/tex/latex/titlesec/titletoc.sty
Package: titletoc 2025/01/04 v2.17 TOC entries
\ttl@leftsep=\dimen323
)
(/usr/share/texmf-dist/tex/generic/babel/babel.sty
Package: babel 2025/02/14 v25.4 The multilingual framework for pdfLaTeX, LuaLaT
eX and XeLaTeX

(/usr/share/texmf-dist/tex/generic/babel/luababel.def
\bbl@readstream=\read4
\l@dumylang=\language2
Package babel Info: Non-standard hyphenation setup on input line 118.
\l@nohyphenation=\language3
\l@german-x-2024-02-28=\language4
\l@ngerman-x-2024-02-28=\language5
\l@german=\language6
\l@ngerman=\language7
\l@swissgerman=\language8
\babelcatcodetablenum=\catcodetable14
\bbl@pattcodes=\catcodetable15
)
\babel@savecnt=\count426
\U@D=\dimen324
\l@unhyphenated=\language9

(/usr/share/texmf-dist/tex/generic/babel/luababel.def
\bbl@attr@locale=\attribute4
)
(/usr/share/texmf-dist/tex/generic/babel-german/ngerman.ldf
Language: ngerman 2024/12/10 v2.15 German support for babel (post-1996 orthogra
phy)

(/usr/share/texmf-dist/tex/generic/babel-german/ngermanb.ldf
Language: ngermanb 2024/12/10 v2.15 German support for babel (post-1996 orthogr
aphy)
Package babel Info: Making " an active character on input line 122.

(/usr/share/texmf-dist/tex/generic/hyph-utf8/loadhyph/loadhyph-de-1996.tex
UTF-8 German hyphenation patterns (reformed orthography)
(/usr/share/texmf-dist/tex/generic/hyph-utf8/patterns/tex/hyph-de-1996.tex
German Hyphenation Patterns (Reformed Orthography, 2006) `dehyphn-x' 2024-02-28
 (WL)))))) (/usr/share/texmf-dist/tex/generic/babel/locale/de/babel-ngerman.tex
Package babel Info: Importing font and identification data for ngerman
(babel)             from babel-de.ini. Reported on input line 11.
) (/usr/share/texmf-dist/tex/latex/wrapfig/wrapfig.sty
\wrapoverhang=\dimen325
\WF@size=\dimen326
\c@WF@wrappedlines=\count427
\WF@box=\box138
\WF@everypar=\toks57
Package: wrapfig 2003/01/31  v 3.6
)
(/usr/share/texmf-dist/tex/latex/imakeidx/imakeidx.sty
Package: imakeidx 2016/10/15 v1.3e Package for typesetting indices in a synchro
nous mode

(/usr/share/texmf-dist/tex/generic/iftex/ifxetex.sty
Package: ifxetex 2019/10/25 v0.7 ifxetex legacy package. Use iftex instead.
))
(/usr/share/texmf-dist/tex/generic/pgf/frontendlayer/tikz/libraries/tikzlibrary
mindmap.code.tex
File: tikzlibrarymindmap.code.tex 2023-01-15 v3.1.10 (3.1.10)

(/usr/share/texmf-dist/tex/generic/pgf/frontendlayer/tikz/libraries/tikzlibrary
trees.code.tex
File: tikzlibrarytrees.code.tex 2023-01-15 v3.1.10 (3.1.10)
)
(/usr/share/texmf-dist/tex/generic/pgf/frontendlayer/tikz/libraries/tikzlibrary
decorations.code.tex
(/usr/share/texmf-dist/tex/generic/pgf/modules/pgfmoduledecorations.code.tex
\pgfdecoratedcompleteddistance=\dimen327
\pgfdecoratedremainingdistance=\dimen328
\pgfdecoratedinputsegmentcompleteddistance=\dimen329
\pgfdecoratedinputsegmentremainingdistance=\dimen330
\pgf@decorate@distancetomove=\dimen331
\pgf@decorate@repeatstate=\count428
\pgfdecorationsegmentamplitude=\dimen332
\pgfdecorationsegmentlength=\dimen333
)
\tikz@lib@dec@box=\box139
))
\"Arcana Mechanica - Magischer Kompass"@idxfile=\write4

\openout4 = Arcana Mechanica - Magischer Kompass.idx
Writing index file "Arcana Mechanica - Magischer Kompass".idx
("./Arcana Mechanica - Magischer Kompass.aux")
\openout1 = Arcana Mechanica - Magischer Kompass.aux

LaTeX Font Info:    Checking defaults for OML/cmm/m/it on input line 30.
LaTeX Font Info:    ... okay on input line 30.
LaTeX Font Info:    Checking defaults for OMS/cmsy/m/n on input line 30.
LaTeX Font Info:    ... okay on input line 30.
LaTeX Font Info:    Checking defaults for OT1/cmr/m/n on input line 30.
LaTeX Font Info:    ... okay on input line 30.
LaTeX Font Info:    Checking defaults for T1/cmr/m/n on input line 30.
LaTeX Font Info:    ... okay on input line 30.
LaTeX Font Info:    Checking defaults for TS1/cmr/m/n on input line 30.
LaTeX Font Info:    ... okay on input line 30.
LaTeX Font Info:    Checking defaults for TU/lmr/m/n on input line 30.
LaTeX Font Info:    ... okay on input line 30.
LaTeX Font Info:    Checking defaults for OMX/cmex/m/n on input line 30.
LaTeX Font Info:    ... okay on input line 30.
LaTeX Font Info:    Checking defaults for U/cmr/m/n on input line 30.
LaTeX Font Info:    ... okay on input line 30.
LaTeX Font Info:    Checking defaults for PD1/pdf/m/n on input line 30.
LaTeX Font Info:    ... okay on input line 30.
LaTeX Font Info:    Checking defaults for PU/pdf/m/n on input line 30.
LaTeX Font Info:    ... okay on input line 30.

(/usr/share/texmf-dist/tex/context/base/mkii/supp-pdf.mkii
[Loading MPS to PDF converter (version 2006.09.02).]
\scratchcounter=\count429
\scratchdimen=\dimen334
\scratchbox=\box140
\nofMPsegments=\count430
\nofMParguments=\count431
\everyMPshowfont=\toks58
\MPscratchCnt=\count432
\MPscratchDim=\dimen335
\MPnumerator=\count433
\makeMPintoPDFobject=\count434
\everyMPtoPDFconversion=\toks59
) (/usr/share/texmf-dist/tex/latex/epstopdf-pkg/epstopdf-base.sty
Package: epstopdf-base 2020-01-24 v2.11 Base part for package epstopdf
Package epstopdf-base Info: Redefining graphics rule for `.eps' on input line 4
85.

(/usr/share/texmf-dist/tex/latex/latexconfig/epstopdf-sys.cfg
File: epstopdf-sys.cfg 2010/07/13 v1.3 Configuration of (r)epstopdf for TeX Liv
e
))
\c@lstlisting=\count435
Package hyperref Info: Link coloring OFF on input line 30.

("./Arcana Mechanica - Magischer Kompass.out")
("./Arcana Mechanica - Magischer Kompass.out")
\@outlinefile=\write5

\openout5 = Arcana Mechanica - Magischer Kompass.out

Package fontspec Info: 
(fontspec)             Adjusting the maths setup (use [no-math] to avoid
(fontspec)             this).

\symlegacymaths=\mathgroup6
LaTeX Font Info:    Overwriting symbol font `legacymaths' in version `bold'
(Font)                  OT1/cmr/m/n --> OT1/cmr/bx/n on input line 30.
LaTeX Font Info:    Redeclaring math accent \acute on input line 30.
LaTeX Font Info:    Redeclaring math accent \grave on input line 30.
LaTeX Font Info:    Redeclaring math accent \ddot on input line 30.
LaTeX Font Info:    Redeclaring math accent \tilde on input line 30.
LaTeX Font Info:    Redeclaring math accent \bar on input line 30.
LaTeX Font Info:    Redeclaring math accent \breve on input line 30.
LaTeX Font Info:    Redeclaring math accent \check on input line 30.
LaTeX Font Info:    Redeclaring math accent \hat on input line 30.
LaTeX Font Info:    Redeclaring math accent \dot on input line 30.
LaTeX Font Info:    Redeclaring math accent \mathring on input line 30.
LaTeX Font Info:    Redeclaring math symbol \Gamma on input line 30.
LaTeX Font Info:    Redeclaring math symbol \Delta on input line 30.
LaTeX Font Info:    Redeclaring math symbol \Theta on input line 30.
LaTeX Font Info:    Redeclaring math symbol \Lambda on input line 30.
LaTeX Font Info:    Redeclaring math symbol \Xi on input line 30.
LaTeX Font Info:    Redeclaring math symbol \Pi on input line 30.
LaTeX Font Info:    Redeclaring math symbol \Sigma on input line 30.
LaTeX Font Info:    Redeclaring math symbol \Upsilon on input line 30.
LaTeX Font Info:    Redeclaring math symbol \Phi on input line 30.
LaTeX Font Info:    Redeclaring math symbol \Psi on input line 30.
LaTeX Font Info:    Redeclaring math symbol \Omega on input line 30.
LaTeX Font Info:    Redeclaring math symbol \mathdollar on input line 30.
LaTeX Font Info:    Redeclaring symbol font `operators' on input line 30.
LaTeX Font Info:    Encoding `OT1' has changed to `TU' for symbol font
(Font)              `operators' in the math version `normal' on input line 30.
LaTeX Font Info:    Overwriting symbol font `operators' in version `normal'
(Font)                  OT1/cmr/m/n --> TU/lmr/m/n on input line 30.
LaTeX Font Info:    Encoding `OT1' has changed to `TU' for symbol font
(Font)              `operators' in the math version `bold' on input line 30.
LaTeX Font Info:    Overwriting symbol font `operators' in version `bold'
(Font)                  OT1/cmr/bx/n --> TU/lmr/m/n on input line 30.
LaTeX Font Info:    Overwriting symbol font `operators' in version `normal'
(Font)                  TU/lmr/m/n --> TU/lmr/m/n on input line 30.
LaTeX Font Info:    Overwriting math alphabet `\mathit' in version `normal'
(Font)                  OT1/cmr/m/it --> TU/lmr/m/it on input line 30.
LaTeX Font Info:    Overwriting math alphabet `\mathbf' in version `normal'
(Font)                  OT1/cmr/bx/n --> TU/lmr/b/n on input line 30.
LaTeX Font Info:    Overwriting math alphabet `\mathsf' in version `normal'
(Font)                  OT1/cmss/m/n --> TU/lmss/m/n on input line 30.
LaTeX Font Info:    Overwriting math alphabet `\mathtt' in version `normal'
(Font)                  OT1/cmtt/m/n --> TU/lmtt/m/n on input line 30.
LaTeX Font Info:    Overwriting symbol font `operators' in version `bold'
(Font)                  TU/lmr/m/n --> TU/lmr/b/n on input line 30.
LaTeX Font Info:    Overwriting math alphabet `\mathit' in version `bold'
(Font)                  OT1/cmr/bx/it --> TU/lmr/b/it on input line 30.
LaTeX Font Info:    Overwriting math alphabet `\mathsf' in version `bold'
(Font)                  OT1/cmss/bx/n --> TU/lmss/b/n on input line 30.
LaTeX Font Info:    Overwriting math alphabet `\mathtt' in version `bold'
(Font)                  OT1/cmtt/m/n --> TU/lmtt/b/n on input line 30.
 (./Misc/version.tex)

<Bilder/cover.png, id=119, 614.5359pt x 862.1811pt>
File: Bilder/cover.png Graphic file (type png)
<use Bilder/cover.png>
Package luatex.def Info: Bilder/cover.png  used on input line 41.
(luatex.def)             Requested size: 614.61877pt x 862.16583pt.
[1



<./Bilder/cover.png>]



<Bilder/Background/background.png, id=126, 614.295pt x 870.25125pt>
File: Bilder/Background/background.png Graphic file (type png)
<use Bilder/Background/background.png>
Package luatex.def Info: Bilder/Background/background.png  used on input line 4
3.
(luatex.def)             Requested size: 614.63092pt x 862.17552pt.
File: Bilder/Background/background.png Graphic file (type png)
<use Bilder/Background/background.png>
Package luatex.def Info: Bilder/Background/background.png  used on input line 4
3.
(luatex.def)             Requested size: 614.63092pt x 862.17552pt.
File: Bilder/Background/background.png Graphic file (type png)
<use Bilder/Background/background.png>
Package luatex.def Info: Bilder/Background/background.png  used on input line 4
3.
(luatex.def)             Requested size: 614.63092pt x 862.17552pt.
<lib/book/img/footerscroll_1000.pdf, id=127, 2425.06pt x 142.5325pt>
File: lib/book/img/footerscroll_1000.pdf Graphic file (type pdf)
<use lib/book/img/footerscroll_1000.pdf>
Package luatex.def Info: lib/book/img/footerscroll_1000.pdf  used on input line
 43.
(luatex.def)             Requested size: 597.50787pt x 35.11758pt.
[2



{/var/lib/texmf/fonts/map/pdftex/updmap/pdftex.map}<./Bilder/Background/backgrou
nd.png><./lib/book/img/footerscroll_1000.pdf>]
(./lib/templates/copyright.tex)

File: Bilder/Background/background.png Graphic file (type png)
<use Bilder/Background/background.png>
Package luatex.def Info: Bilder/Background/background.png  used on input line 9
2.
(luatex.def)             Requested size: 614.63092pt x 862.17552pt.
File: Bilder/Background/background.png Graphic file (type png)
<use Bilder/Background/background.png>
Package luatex.def Info: Bilder/Background/background.png  used on input line 9
2.
(luatex.def)             Requested size: 614.63092pt x 862.17552pt.
File: Bilder/Background/background.png Graphic file (type png)
<use Bilder/Background/background.png>
Package luatex.def Info: Bilder/Background/background.png  used on input line 9
2.
(luatex.def)             Requested size: 614.63092pt x 862.17552pt.
File: lib/book/img/footerscroll_1000.pdf Graphic file (type pdf)
<use lib/book/img/footerscroll_1000.pdf>
Package luatex.def Info: lib/book/img/footerscroll_1000.pdf  used on input line
 92.
(luatex.def)             Requested size: 597.50787pt x 35.11758pt.
[3


Missing character: There is no  (U+00DC) in font nullfont!
Missing character: There is no b (U+0062) in font nullfont!
Missing character: There is no e (U+0065) in font nullfont!
Missing character: There is no r (U+0072) in font nullfont!
Missing character: There is no l (U+006C) in font nullfont!
Missing character: There is no e (U+0065) in font nullfont!
Missing character: There is no b (U+0062) in font nullfont!
Missing character: There is no e (U+0065) in font nullfont!
Missing character: There is no n (U+006E) in font nullfont!
Missing character: There is no s (U+0073) in font nullfont!
Missing character: There is no f (U+0066) in font nullfont!
Missing character: There is no e (U+0065) in font nullfont!
Missing character: There is no r (U+0072) in font nullfont!
Missing character: There is no t (U+0074) in font nullfont!
Missing character: There is no i (U+0069) in font nullfont!
Missing character: There is no g (U+0067) in font nullfont!
Missing character: There is no k (U+006B) in font nullfont!
Missing character: There is no e (U+0065) in font nullfont!
Missing character: There is no i (U+0069) in font nullfont!
Missing character: There is no t (U+0074) in font nullfont!
] ("./Arcana Mechanica - Magischer Kompass.toc"
LaTeX Font Info:    Trying to load font information for U+msa on input line 2.

(/usr/share/texmf-dist/tex/latex/amsfonts/umsa.fd
File: umsa.fd 2013/01/14 v3.01 AMS symbols A
)
LaTeX Font Info:    Trying to load font information for U+msb on input line 2.

(/usr/share/texmf-dist/tex/latex/amsfonts/umsb.fd
File: umsb.fd 2013/01/14 v3.01 AMS symbols B
))
\tf@toc=\write6

\openout6 = Arcana Mechanica - Magischer Kompass.toc


File: Bilder/Background/background.png Graphic file (type png)
<use Bilder/Background/background.png>
Package luatex.def Info: Bilder/Background/background.png  used on input line 9
5.
(luatex.def)             Requested size: 614.63092pt x 862.17552pt.
File: Bilder/Background/background.png Graphic file (type png)
<use Bilder/Background/background.png>
Package luatex.def Info: Bilder/Background/background.png  used on input line 9
5.
(luatex.def)             Requested size: 614.63092pt x 862.17552pt.
File: Bilder/Background/background.png Graphic file (type png)
<use Bilder/Background/background.png>
Package luatex.def Info: Bilder/Background/background.png  used on input line 9
5.
(luatex.def)             Requested size: 614.63092pt x 862.17552pt.
File: lib/book/img/footerscroll_1000.pdf Graphic file (type pdf)
<use lib/book/img/footerscroll_1000.pdf>
Package luatex.def Info: lib/book/img/footerscroll_1000.pdf  used on input line
 95.
(luatex.def)             Requested size: 597.50787pt x 35.11758pt.
[4



]



File: Bilder/Background/background.png Graphic file (type png)
<use Bilder/Background/background.png>
Package luatex.def Info: Bilder/Background/background.png  used on input line 1
12.
(luatex.def)             Requested size: 614.63092pt x 862.17552pt.
File: Bilder/Background/background.png Graphic file (type png)
<use Bilder/Background/background.png>
Package luatex.def Info: Bilder/Background/background.png  used on input line 1
12.
(luatex.def)             Requested size: 614.63092pt x 862.17552pt.
File: Bilder/Background/background.png Graphic file (type png)
<use Bilder/Background/background.png>
Package luatex.def Info: Bilder/Background/background.png  used on input line 1
12.
(luatex.def)             Requested size: 614.63092pt x 862.17552pt.
File: lib/book/img/footerscroll_1000.pdf Graphic file (type pdf)
<use lib/book/img/footerscroll_1000.pdf>
Package luatex.def Info: lib/book/img/footerscroll_1000.pdf  used on input line
 112.
(luatex.def)             Requested size: 597.50787pt x 35.11758pt.
[1





Missing character: There is no  (U+00DC) in font nullfont!
Missing character: There is no b (U+0062) in font nullfont!
Missing character: There is no e (U+0065) in font nullfont!
Missing character: There is no r (U+0072) in font nullfont!
Missing character: There is no l (U+006C) in font nullfont!
Missing character: There is no e (U+0065) in font nullfont!
Missing character: There is no b (U+0062) in font nullfont!
Missing character: There is no e (U+0065) in font nullfont!
Missing character: There is no n (U+006E) in font nullfont!
Missing character: There is no s (U+0073) in font nullfont!
Missing character: There is no f (U+0066) in font nullfont!
Missing character: There is no e (U+0065) in font nullfont!
Missing character: There is no r (U+0072) in font nullfont!
Missing character: There is no t (U+0074) in font nullfont!
Missing character: There is no i (U+0069) in font nullfont!
Missing character: There is no g (U+0067) in font nullfont!
Missing character: There is no k (U+006B) in font nullfont!
Missing character: There is no e (U+0065) in font nullfont!
Missing character: There is no i (U+0069) in font nullfont!
Missing character: There is no t (U+0074) in font nullfont!
]
Kapitel 1.

Underfull \vbox (badness 3492) has occurred while \output is active []





File: Bilder/Background/background.png Graphic file (type png)
<use Bilder/Background/background.png>
Package luatex.def Info: Bilder/Background/background.png  used on input line 1
25.
(luatex.def)             Requested size: 614.63092pt x 862.17552pt.
File: Bilder/Background/background.png Graphic file (type png)
<use Bilder/Background/background.png>
Package luatex.def Info: Bilder/Background/background.png  used on input line 1
25.
(luatex.def)             Requested size: 614.63092pt x 862.17552pt.
File: Bilder/Background/background.png Graphic file (type png)
<use Bilder/Background/background.png>
Package luatex.def Info: Bilder/Background/background.png  used on input line 1
25.
(luatex.def)             Requested size: 614.63092pt x 862.17552pt.
File: lib/book/img/footerscroll_1000.pdf Graphic file (type pdf)
<use lib/book/img/footerscroll_1000.pdf>
Package luatex.def Info: lib/book/img/footerscroll_1000.pdf  used on input line
 125.
(luatex.def)             Requested size: 597.50787pt x 35.11758pt.
[2

]



File: Bilder/Background/background.png Graphic file (type png)
<use Bilder/Background/background.png>
Package luatex.def Info: Bilder/Background/background.png  used on input line 1
55.
(luatex.def)             Requested size: 614.63092pt x 862.17552pt.
<Bilder/kapitelzeichen_1000.pdf, id=178, 32.12pt x 63.23625pt>
File: Bilder/kapitelzeichen_1000.pdf Graphic file (type pdf)
<use Bilder/kapitelzeichen_1000.pdf>
Package luatex.def Info: Bilder/kapitelzeichen_1000.pdf  used on input line 155
.
(luatex.def)             Requested size: 31.29848pt x 73.97838pt.
File: Bilder/Background/background.png Graphic file (type png)
<use Bilder/Background/background.png>
Package luatex.def Info: Bilder/Background/background.png  used on input line 1
55.
(luatex.def)             Requested size: 614.63092pt x 862.17552pt.
File: Bilder/kapitelzeichen_1000.pdf Graphic file (type pdf)
<use Bilder/kapitelzeichen_1000.pdf>
Package luatex.def Info: Bilder/kapitelzeichen_1000.pdf  used on input line 155
.
(luatex.def)             Requested size: 31.29848pt x 73.97838pt.
File: Bilder/Background/background.png Graphic file (type png)
<use Bilder/Background/background.png>
Package luatex.def Info: Bilder/Background/background.png  used on input line 1
55.
(luatex.def)             Requested size: 614.63092pt x 862.17552pt.
File: Bilder/kapitelzeichen_1000.pdf Graphic file (type pdf)
<use Bilder/kapitelzeichen_1000.pdf>
Package luatex.def Info: Bilder/kapitelzeichen_1000.pdf  used on input line 155
.
(luatex.def)             Requested size: 31.29848pt x 73.97838pt.
File: lib/book/img/footerscroll_1000.pdf Graphic file (type pdf)
<use lib/book/img/footerscroll_1000.pdf>
Package luatex.def Info: lib/book/img/footerscroll_1000.pdf  used on input line
 155.
(luatex.def)             Requested size: 597.50787pt x 35.11758pt.
[3
Missing character: There is no  (U+00DC) in font nullfont!
Missing character: There is no b (U+0062) in font nullfont!
Missing character: There is no e (U+0065) in font nullfont!
Missing character: There is no r (U+0072) in font nullfont!
Missing character: There is no l (U+006C) in font nullfont!
Missing character: There is no e (U+0065) in font nullfont!
Missing character: There is no b (U+0062) in font nullfont!
Missing character: There is no e (U+0065) in font nullfont!
Missing character: There is no n (U+006E) in font nullfont!
Missing character: There is no s (U+0073) in font nullfont!
Missing character: There is no f (U+0066) in font nullfont!
Missing character: There is no e (U+0065) in font nullfont!
Missing character: There is no r (U+0072) in font nullfont!
Missing character: There is no t (U+0074) in font nullfont!
Missing character: There is no i (U+0069) in font nullfont!
Missing character: There is no g (U+0067) in font nullfont!
Missing character: There is no k (U+006B) in font nullfont!
Missing character: There is no e (U+0065) in font nullfont!
Missing character: There is no i (U+0069) in font nullfont!
Missing character: There is no t (U+0074) in font nullfont!
<./Bilder/kapitelzeichen_1000.pdf>]



File: Bilder/Background/background.png Graphic file (type png)
<use Bilder/Background/background.png>
Package luatex.def Info: Bilder/Background/background.png  used on input line 1
59.
(luatex.def)             Requested size: 614.63092pt x 862.17552pt.
File: Bilder/kapitelzeichen_1000.pdf Graphic file (type pdf)
<use Bilder/kapitelzeichen_1000.pdf>
Package luatex.def Info: Bilder/kapitelzeichen_1000.pdf  used on input line 159
.
(luatex.def)             Requested size: 31.29848pt x 73.97838pt.
File: Bilder/Background/background.png Graphic file (type png)
<use Bilder/Background/background.png>
Package luatex.def Info: Bilder/Background/background.png  used on input line 1
59.
(luatex.def)             Requested size: 614.63092pt x 862.17552pt.
File: Bilder/kapitelzeichen_1000.pdf Graphic file (type pdf)
<use Bilder/kapitelzeichen_1000.pdf>
Package luatex.def Info: Bilder/kapitelzeichen_1000.pdf  used on input line 159
.
(luatex.def)             Requested size: 31.29848pt x 73.97838pt.
File: Bilder/Background/background.png Graphic file (type png)
<use Bilder/Background/background.png>
Package luatex.def Info: Bilder/Background/background.png  used on input line 1
59.
(luatex.def)             Requested size: 614.63092pt x 862.17552pt.
File: Bilder/kapitelzeichen_1000.pdf Graphic file (type pdf)
<use Bilder/kapitelzeichen_1000.pdf>
Package luatex.def Info: Bilder/kapitelzeichen_1000.pdf  used on input line 159
.
(luatex.def)             Requested size: 31.29848pt x 73.97838pt.
File: lib/book/img/footerscroll_1000.pdf Graphic file (type pdf)
<use lib/book/img/footerscroll_1000.pdf>
Package luatex.def Info: lib/book/img/footerscroll_1000.pdf  used on input line
 159.
(luatex.def)             Requested size: 597.50787pt x 35.11758pt.
[4

]
Underfull \vbox (badness 10000) has occurred while \output is active []





File: Bilder/Background/background.png Graphic file (type png)
<use Bilder/Background/background.png>
Package luatex.def Info: Bilder/Background/background.png  used on input line 2
11.
(luatex.def)             Requested size: 614.63092pt x 862.17552pt.
File: Bilder/kapitelzeichen_1000.pdf Graphic file (type pdf)
<use Bilder/kapitelzeichen_1000.pdf>
Package luatex.def Info: Bilder/kapitelzeichen_1000.pdf  used on input line 211
.
(luatex.def)             Requested size: 31.29848pt x 73.97838pt.
File: Bilder/Background/background.png Graphic file (type png)
<use Bilder/Background/background.png>
Package luatex.def Info: Bilder/Background/background.png  used on input line 2
11.
(luatex.def)             Requested size: 614.63092pt x 862.17552pt.
File: Bilder/kapitelzeichen_1000.pdf Graphic file (type pdf)
<use Bilder/kapitelzeichen_1000.pdf>
Package luatex.def Info: Bilder/kapitelzeichen_1000.pdf  used on input line 211
.
(luatex.def)             Requested size: 31.29848pt x 73.97838pt.
File: Bilder/Background/background.png Graphic file (type png)
<use Bilder/Background/background.png>
Package luatex.def Info: Bilder/Background/background.png  used on input line 2
11.
(luatex.def)             Requested size: 614.63092pt x 862.17552pt.
File: Bilder/kapitelzeichen_1000.pdf Graphic file (type pdf)
<use Bilder/kapitelzeichen_1000.pdf>
Package luatex.def Info: Bilder/kapitelzeichen_1000.pdf  used on input line 211
.
(luatex.def)             Requested size: 31.29848pt x 73.97838pt.
File: lib/book/img/footerscroll_1000.pdf Graphic file (type pdf)
<use lib/book/img/footerscroll_1000.pdf>
Package luatex.def Info: lib/book/img/footerscroll_1000.pdf  used on input line
 211.
(luatex.def)             Requested size: 597.50787pt x 35.11758pt.
[5


Missing character: There is no  (U+00DC) in font nullfont!
Missing character: There is no b (U+0062) in font nullfont!
Missing character: There is no e (U+0065) in font nullfont!
Missing character: There is no r (U+0072) in font nullfont!
Missing character: There is no l (U+006C) in font nullfont!
Missing character: There is no e (U+0065) in font nullfont!
Missing character: There is no b (U+0062) in font nullfont!
Missing character: There is no e (U+0065) in font nullfont!
Missing character: There is no n (U+006E) in font nullfont!
Missing character: There is no s (U+0073) in font nullfont!
Missing character: There is no f (U+0066) in font nullfont!
Missing character: There is no e (U+0065) in font nullfont!
Missing character: There is no r (U+0072) in font nullfont!
Missing character: There is no t (U+0074) in font nullfont!
Missing character: There is no i (U+0069) in font nullfont!
Missing character: There is no g (U+0067) in font nullfont!
Missing character: There is no k (U+006B) in font nullfont!
Missing character: There is no e (U+0065) in font nullfont!
Missing character: There is no i (U+0069) in font nullfont!
Missing character: There is no t (U+0074) in font nullfont!
]
Kapitel 2.

Underfull \vbox (badness 10000) has occurred while \output is active []





File: Bilder/Background/background.png Graphic file (type png)
<use Bilder/Background/background.png>
Package luatex.def Info: Bilder/Background/background.png  used on input line 2
40.
(luatex.def)             Requested size: 614.63092pt x 862.17552pt.
File: Bilder/Background/background.png Graphic file (type png)
<use Bilder/Background/background.png>
Package luatex.def Info: Bilder/Background/background.png  used on input line 2
40.
(luatex.def)             Requested size: 614.63092pt x 862.17552pt.
File: Bilder/Background/background.png Graphic file (type png)
<use Bilder/Background/background.png>
Package luatex.def Info: Bilder/Background/background.png  used on input line 2
40.
(luatex.def)             Requested size: 614.63092pt x 862.17552pt.
File: lib/book/img/footerscroll_1000.pdf Graphic file (type pdf)
<use lib/book/img/footerscroll_1000.pdf>
Package luatex.def Info: lib/book/img/footerscroll_1000.pdf  used on input line
 240.
(luatex.def)             Requested size: 597.50787pt x 35.11758pt.
[6

]
Kapitel 3.

Underfull \vbox (badness 10000) has occurred while \output is active []





File: Bilder/Background/background.png Graphic file (type png)
<use Bilder/Background/background.png>
Package luatex.def Info: Bilder/Background/background.png  used on input line 2
66.
(luatex.def)             Requested size: 614.63092pt x 862.17552pt.
File: Bilder/Background/background.png Graphic file (type png)
<use Bilder/Background/background.png>
Package luatex.def Info: Bilder/Background/background.png  used on input line 2
66.
(luatex.def)             Requested size: 614.63092pt x 862.17552pt.
File: Bilder/Background/background.png Graphic file (type png)
<use Bilder/Background/background.png>
Package luatex.def Info: Bilder/Background/background.png  used on input line 2
66.
(luatex.def)             Requested size: 614.63092pt x 862.17552pt.
File: lib/book/img/footerscroll_1000.pdf Graphic file (type pdf)
<use lib/book/img/footerscroll_1000.pdf>
Package luatex.def Info: lib/book/img/footerscroll_1000.pdf  used on input line
 266.
(luatex.def)             Requested size: 597.50787pt x 35.11758pt.
[7


Missing character: There is no  (U+00DC) in font nullfont!
Missing character: There is no b (U+0062) in font nullfont!
Missing character: There is no e (U+0065) in font nullfont!
Missing character: There is no r (U+0072) in font nullfont!
Missing character: There is no l (U+006C) in font nullfont!
Missing character: There is no e (U+0065) in font nullfont!
Missing character: There is no b (U+0062) in font nullfont!
Missing character: There is no e (U+0065) in font nullfont!
Missing character: There is no n (U+006E) in font nullfont!
Missing character: There is no s (U+0073) in font nullfont!
Missing character: There is no f (U+0066) in font nullfont!
Missing character: There is no e (U+0065) in font nullfont!
Missing character: There is no r (U+0072) in font nullfont!
Missing character: There is no t (U+0074) in font nullfont!
Missing character: There is no i (U+0069) in font nullfont!
Missing character: There is no g (U+0067) in font nullfont!
Missing character: There is no k (U+006B) in font nullfont!
Missing character: There is no e (U+0065) in font nullfont!
Missing character: There is no i (U+0069) in font nullfont!
Missing character: There is no t (U+0074) in font nullfont!
]
Kapitel 4.




File: Bilder/Background/background.png Graphic file (type png)
<use Bilder/Background/background.png>
Package luatex.def Info: Bilder/Background/background.png  used on input line 2
78.
(luatex.def)             Requested size: 614.63092pt x 862.17552pt.
File: Bilder/Background/background.png Graphic file (type png)
<use Bilder/Background/background.png>
Package luatex.def Info: Bilder/Background/background.png  used on input line 2
78.
(luatex.def)             Requested size: 614.63092pt x 862.17552pt.
File: Bilder/Background/background.png Graphic file (type png)
<use Bilder/Background/background.png>
Package luatex.def Info: Bilder/Background/background.png  used on input line 2
78.
(luatex.def)             Requested size: 614.63092pt x 862.17552pt.
File: lib/book/img/footerscroll_1000.pdf Graphic file (type pdf)
<use lib/book/img/footerscroll_1000.pdf>
Package luatex.def Info: lib/book/img/footerscroll_1000.pdf  used on input line
 278.
(luatex.def)             Requested size: 597.50787pt x 35.11758pt.
[8


]
Kapitel 5.

Underfull \hbox (badness 1102) in paragraph at lines 280--285
\TU/lmr/m/n/10 ses-sen-heit). * **Ver-bo-te-ne Ma-gie/-Dunk-le Kns-te:**
 []





File: Bilder/Background/background.png Graphic file (type png)
<use Bilder/Background/background.png>
Package luatex.def Info: Bilder/Background/background.png  used on input line 2
86.
(luatex.def)             Requested size: 614.63092pt x 862.17552pt.
File: Bilder/Background/background.png Graphic file (type png)
<use Bilder/Background/background.png>
Package luatex.def Info: Bilder/Background/background.png  used on input line 2
86.
(luatex.def)             Requested size: 614.63092pt x 862.17552pt.
File: Bilder/Background/background.png Graphic file (type png)
<use Bilder/Background/background.png>
Package luatex.def Info: Bilder/Background/background.png  used on input line 2
86.
(luatex.def)             Requested size: 614.63092pt x 862.17552pt.
File: lib/book/img/footerscroll_1000.pdf Graphic file (type pdf)
<use lib/book/img/footerscroll_1000.pdf>
Package luatex.def Info: lib/book/img/footerscroll_1000.pdf  used on input line
 286.
(luatex.def)             Requested size: 597.50787pt x 35.11758pt.
[9



Missing character: There is no  (U+00DC) in font nullfont!
Missing character: There is no b (U+0062) in font nullfont!
Missing character: There is no e (U+0065) in font nullfont!
Missing character: There is no r (U+0072) in font nullfont!
Missing character: There is no l (U+006C) in font nullfont!
Missing character: There is no e (U+0065) in font nullfont!
Missing character: There is no b (U+0062) in font nullfont!
Missing character: There is no e (U+0065) in font nullfont!
Missing character: There is no n (U+006E) in font nullfont!
Missing character: There is no s (U+0073) in font nullfont!
Missing character: There is no f (U+0066) in font nullfont!
Missing character: There is no e (U+0065) in font nullfont!
Missing character: There is no r (U+0072) in font nullfont!
Missing character: There is no t (U+0074) in font nullfont!
Missing character: There is no i (U+0069) in font nullfont!
Missing character: There is no g (U+0067) in font nullfont!
Missing character: There is no k (U+006B) in font nullfont!
Missing character: There is no e (U+0065) in font nullfont!
Missing character: There is no i (U+0069) in font nullfont!
Missing character: There is no t (U+0074) in font nullfont!
]
Kapitel 6.

Underfull \hbox (badness 2134) in paragraph at lines 288--302
\TU/lmr/m/n/10 men:** Wie wird ent-schie-den, ob ein Zau-ber ge-
 []





File: Bilder/Background/background.png Graphic file (type png)
<use Bilder/Background/background.png>
Package luatex.def Info: Bilder/Background/background.png  used on input line 3
03.
(luatex.def)             Requested size: 614.63092pt x 862.17552pt.
File: Bilder/Background/background.png Graphic file (type png)
<use Bilder/Background/background.png>
Package luatex.def Info: Bilder/Background/background.png  used on input line 3
03.
(luatex.def)             Requested size: 614.63092pt x 862.17552pt.
File: Bilder/Background/background.png Graphic file (type png)
<use Bilder/Background/background.png>
Package luatex.def Info: Bilder/Background/background.png  used on input line 3
03.
(luatex.def)             Requested size: 614.63092pt x 862.17552pt.
File: lib/book/img/footerscroll_1000.pdf Graphic file (type pdf)
<use lib/book/img/footerscroll_1000.pdf>
Package luatex.def Info: lib/book/img/footerscroll_1000.pdf  used on input line
 303.
(luatex.def)             Requested size: 597.50787pt x 35.11758pt.
[10


]
Kapitel 7.

Underfull \hbox (badness 4518) in paragraph at lines 313--314
[]\TU/lmr/m/n/10 **Zu-stz-li-che ber-le-gun-gen fr die Steampunk-
 []


Underfull \vbox (badness 10000) has occurred while \output is active []





File: Bilder/Background/background.png Graphic file (type png)
<use Bilder/Background/background.png>
Package luatex.def Info: Bilder/Background/background.png  used on input line 3
62.
(luatex.def)             Requested size: 614.63092pt x 862.17552pt.
File: Bilder/Background/background.png Graphic file (type png)
<use Bilder/Background/background.png>
Package luatex.def Info: Bilder/Background/background.png  used on input line 3
62.
(luatex.def)             Requested size: 614.63092pt x 862.17552pt.
File: Bilder/Background/background.png Graphic file (type png)
<use Bilder/Background/background.png>
Package luatex.def Info: Bilder/Background/background.png  used on input line 3
62.
(luatex.def)             Requested size: 614.63092pt x 862.17552pt.
File: lib/book/img/footerscroll_1000.pdf Graphic file (type pdf)
<use lib/book/img/footerscroll_1000.pdf>
Package luatex.def Info: lib/book/img/footerscroll_1000.pdf  used on input line
 362.
(luatex.def)             Requested size: 597.50787pt x 35.11758pt.
[11


Missing character: There is no  (U+00DC) in font nullfont!
Missing character: There is no b (U+0062) in font nullfont!
Missing character: There is no e (U+0065) in font nullfont!
Missing character: There is no r (U+0072) in font nullfont!
Missing character: There is no l (U+006C) in font nullfont!
Missing character: There is no e (U+0065) in font nullfont!
Missing character: There is no b (U+0062) in font nullfont!
Missing character: There is no e (U+0065) in font nullfont!
Missing character: There is no n (U+006E) in font nullfont!
Missing character: There is no s (U+0073) in font nullfont!
Missing character: There is no f (U+0066) in font nullfont!
Missing character: There is no e (U+0065) in font nullfont!
Missing character: There is no r (U+0072) in font nullfont!
Missing character: There is no t (U+0074) in font nullfont!
Missing character: There is no i (U+0069) in font nullfont!
Missing character: There is no g (U+0067) in font nullfont!
Missing character: There is no k (U+006B) in font nullfont!
Missing character: There is no e (U+0065) in font nullfont!
Missing character: There is no i (U+0069) in font nullfont!
Missing character: There is no t (U+0074) in font nullfont!
]
Kapitel 8.




File: Bilder/Background/background.png Graphic file (type png)
<use Bilder/Background/background.png>
Package luatex.def Info: Bilder/Background/background.png  used on input line 3
64.
(luatex.def)             Requested size: 614.63092pt x 862.17552pt.
File: Bilder/Background/background.png Graphic file (type png)
<use Bilder/Background/background.png>
Package luatex.def Info: Bilder/Background/background.png  used on input line 3
64.
(luatex.def)             Requested size: 614.63092pt x 862.17552pt.
File: Bilder/Background/background.png Graphic file (type png)
<use Bilder/Background/background.png>
Package luatex.def Info: Bilder/Background/background.png  used on input line 3
64.
(luatex.def)             Requested size: 614.63092pt x 862.17552pt.
File: lib/book/img/footerscroll_1000.pdf Graphic file (type pdf)
<use lib/book/img/footerscroll_1000.pdf>
Package luatex.def Info: lib/book/img/footerscroll_1000.pdf  used on input line
 364.
(luatex.def)             Requested size: 597.50787pt x 35.11758pt.
[12


]
Kapitel 9.




File: Bilder/Background/background.png Graphic file (type png)
<use Bilder/Background/background.png>
Package luatex.def Info: Bilder/Background/background.png  used on input line 3
67.
(luatex.def)             Requested size: 614.63092pt x 862.17552pt.
File: Bilder/Background/background.png Graphic file (type png)
<use Bilder/Background/background.png>
Package luatex.def Info: Bilder/Background/background.png  used on input line 3
67.
(luatex.def)             Requested size: 614.63092pt x 862.17552pt.
File: Bilder/Background/background.png Graphic file (type png)
<use Bilder/Background/background.png>
Package luatex.def Info: Bilder/Background/background.png  used on input line 3
67.
(luatex.def)             Requested size: 614.63092pt x 862.17552pt.
File: lib/book/img/footerscroll_1000.pdf Graphic file (type pdf)
<use lib/book/img/footerscroll_1000.pdf>
Package luatex.def Info: lib/book/img/footerscroll_1000.pdf  used on input line
 367.
(luatex.def)             Requested size: 597.50787pt x 35.11758pt.
[13



Missing character: There is no  (U+00DC) in font nullfont!
Missing character: There is no b (U+0062) in font nullfont!
Missing character: There is no e (U+0065) in font nullfont!
Missing character: There is no r (U+0072) in font nullfont!
Missing character: There is no l (U+006C) in font nullfont!
Missing character: There is no e (U+0065) in font nullfont!
Missing character: There is no b (U+0062) in font nullfont!
Missing character: There is no e (U+0065) in font nullfont!
Missing character: There is no n (U+006E) in font nullfont!
Missing character: There is no s (U+0073) in font nullfont!
Missing character: There is no f (U+0066) in font nullfont!
Missing character: There is no e (U+0065) in font nullfont!
Missing character: There is no r (U+0072) in font nullfont!
Missing character: There is no t (U+0074) in font nullfont!
Missing character: There is no i (U+0069) in font nullfont!
Missing character: There is no g (U+0067) in font nullfont!
Missing character: There is no k (U+006B) in font nullfont!
Missing character: There is no e (U+0065) in font nullfont!
Missing character: There is no i (U+0069) in font nullfont!
Missing character: There is no t (U+0074) in font nullfont!
]
Kapitel 10.




File: Bilder/Background/background.png Graphic file (type png)
<use Bilder/Background/background.png>
Package luatex.def Info: Bilder/Background/background.png  used on input line 3
78.
(luatex.def)             Requested size: 614.63092pt x 862.17552pt.
File: Bilder/Background/background.png Graphic file (type png)
<use Bilder/Background/background.png>
Package luatex.def Info: Bilder/Background/background.png  used on input line 3
78.
(luatex.def)             Requested size: 614.63092pt x 862.17552pt.
File: Bilder/Background/background.png Graphic file (type png)
<use Bilder/Background/background.png>
Package luatex.def Info: Bilder/Background/background.png  used on input line 3
78.
(luatex.def)             Requested size: 614.63092pt x 862.17552pt.
File: lib/book/img/footerscroll_1000.pdf Graphic file (type pdf)
<use lib/book/img/footerscroll_1000.pdf>
Package luatex.def Info: lib/book/img/footerscroll_1000.pdf  used on input line
 378.
(luatex.def)             Requested size: 597.50787pt x 35.11758pt.
[14


]

File: Bilder/cover.png Graphic file (type png)
<use Bilder/cover.png>
Package luatex.def Info: Bilder/cover.png  used on input line 378.
(luatex.def)             Requested size: 614.61877pt x 862.16583pt.
[15

] ("./Arcana Mechanica - Magischer Kompass.aux")
 ***********
LaTeX2e <2024-11-01> patch level 2
L3 programming layer <2025-01-18>
 ***********
Package rerunfilecheck Info: File `"Arcana Mechanica - Magischer Kompass".out' 
has not changed.
(rerunfilecheck)             Checksum: <no file>.
)

Here is how much of LuaTeX's memory you used:
 43355 strings out of 475506
 156265,1977958 words of node,token memory allocated
 1655 words of node memory still in use:
   32 hlist, 2 vlist, 14 rule, 5 glue, 4 kern, 1 glyph, 94 attribute, 109 glue_s
pec, 85 attribute_list, 4 write, 24 pdf_literal, 2 pdf_action, 24 pdf_colorstack
 nodes
   avail lists: 1:2,2:2009,3:608,4:99,5:728,6:87,7:13833,8:2,9:740,10:21,11:1470

 64906 multiletter control sequences out of 65536+600000
 65 fonts using 3611927 bytes
 131i,18n,127p,2414b,1059s stack positions out of 10000i,1000n,20000p,200000b,200000s
</usr/share/texmf-dist/fonts/opentype/public/lm/lmroman10-regular.otf></usr/shar
e/texmf-dist/fonts/opentype/public/lm/lmroman10-bold.otf><./lib/book/fonts/Contr
owell-Italic.otf></usr/share/texmf-dist/fonts/opentype/public/lm/lmroman12-regul
ar.otf></usr/share/texmf-dist/fonts/opentype/public/lm/lmroman8-regular.otf><./l
ib/book/fonts/Steamwreck.otf>
Output written on Arcana Mechanica - Magischer Kompass.pdf (19 pages, 19466086 b
ytes).

PDF statistics: 278 PDF objects out of 1000 (max. 8388607)
 206 compressed objects within 3 object streams
 40 named destinations out of 1000 (max. 131072)
 408 words of extra memory for PDF output out of 10000 (max. 100000000)

